Log file open, 05/31/19 15:50:30
LogWindows: Failed to load 'aqProf.dll' (GetLastError=126)
LogWindows: File 'aqProf.dll' does not exist
LogWindows: Failed to load 'VtuneApi.dll' (GetLastError=126)
LogWindows: File 'VtuneApi.dll' does not exist
LogWindows: Failed to load 'VtuneApi32e.dll' (GetLastError=126)
LogWindows: File 'VtuneApi32e.dll' does not exist
LogConsoleResponse: Display: Failed to find resolution value strings in scalability ini. Falling back to default.
LogInit: Display: Running engine for game: Interface
LogPakFile: Registered encryption key '00000000000000000000000000000000': 0 pak files mounted, 0 remain pending
LogPlatformFile: Not using cached read wrapper
LogTaskGraph: Started task graph with 5 named threads and 11 total threads with 3 sets of task threads.
LogStats: Stats thread started at 0.133296
LogD3D11RHI: Loaded GFSDK_Aftermath_Lib.x64.dll
LogICUInternationalization: ICU TimeZone Detection - Raw Offset: +3:00, Platform Override: ''
LogPluginManager: Mounting plugin Paper2D
LogPluginManager: Mounting plugin AISupport
LogPluginManager: Mounting plugin LightPropagationVolume
LogPluginManager: Mounting plugin ActorLayerUtilities
LogPluginManager: Mounting plugin AnimationSharing
LogPluginManager: Mounting plugin CLionSourceCodeAccess
LogPluginManager: Mounting plugin CodeLiteSourceCodeAccess
LogPluginManager: Mounting plugin GitSourceControl
LogPluginManager: Mounting plugin KDevelopSourceCodeAccess
LogPluginManager: Mounting plugin NullSourceCodeAccess
LogPluginManager: Mounting plugin PerforceSourceControl
LogPluginManager: Mounting plugin SubversionSourceControl
LogPluginManager: Mounting plugin UObjectPlugin
LogPluginManager: Mounting plugin VisualStudioCodeSourceCodeAccess
LogPluginManager: Mounting plugin VisualStudioSourceCodeAccess
LogPluginManager: Mounting plugin XCodeSourceCodeAccess
LogPluginManager: Mounting plugin AssetManagerEditor
LogPluginManager: Mounting plugin CryptoKeys
LogPluginManager: Mounting plugin DataValidation
LogPluginManager: Mounting plugin FacialAnimation
LogPluginManager: Mounting plugin GameplayTagsEditor
LogPluginManager: Mounting plugin MacGraphicsSwitching
LogPluginManager: Mounting plugin MaterialAnalyzer
LogPluginManager: Mounting plugin MobileLauncherProfileWizard
LogPluginManager: Mounting plugin PluginBrowser
LogPluginManager: Mounting plugin SpeedTreeImporter
LogPluginManager: Mounting plugin DatasmithContent
LogPluginManager: Mounting plugin VariantManagerContent
LogPluginManager: Mounting plugin AlembicImporter
LogPluginManager: Mounting plugin AppleImageUtils
LogPluginManager: Mounting plugin AppleVision
LogPluginManager: Mounting plugin BackChannel
LogPluginManager: Mounting plugin CharacterAI
LogPluginManager: Mounting plugin GeometryCache
LogPluginManager: Mounting plugin HTML5Networking
LogPluginManager: Mounting plugin ProxyLODPlugin
LogPluginManager: Mounting plugin SkeletalReduction
LogPluginManager: Mounting plugin MagicLeap
LogPluginManager: Mounting plugin MagicLeapMedia
LogPluginManager: Mounting plugin AndroidMedia
LogPluginManager: Mounting plugin AvfMedia
LogPluginManager: Mounting plugin ImgMedia
LogPluginManager: Mounting plugin LinearTimecode
LogPluginManager: Mounting plugin MediaCompositing
LogPluginManager: Mounting plugin MediaPlayerEditor
LogPluginManager: Mounting plugin WebMMedia
LogPluginManager: Mounting plugin WmfMedia
LogPluginManager: Mounting plugin TcpMessaging
LogPluginManager: Mounting plugin UdpMessaging
LogPluginManager: Mounting plugin ActorSequence
LogPluginManager: Mounting plugin LevelSequenceEditor
LogPluginManager: Mounting plugin MatineeToLevelSequence
LogPluginManager: Mounting plugin NetcodeUnitTest
LogPluginManager: Mounting plugin NUTUnrealEngine4
LogPluginManager: Mounting plugin OnlineSubsystemGooglePlay
LogPluginManager: Mounting plugin OnlineSubsystemIOS
LogPluginManager: Mounting plugin OnlineSubsystem
LogPluginManager: Mounting plugin OnlineSubsystemNull
LogPluginManager: Mounting plugin OnlineSubsystemUtils
LogPluginManager: Mounting plugin LauncherChunkInstaller
LogPluginManager: Mounting plugin AndroidDeviceProfileSelector
LogPluginManager: Mounting plugin AndroidMoviePlayer
LogPluginManager: Mounting plugin AndroidPermission
LogPluginManager: Mounting plugin AppleMoviePlayer
LogPluginManager: Mounting plugin ArchVisCharacter
LogPluginManager: Mounting plugin AudioCapture
LogPluginManager: Mounting plugin CableComponent
LogPluginManager: Mounting plugin CustomMeshComponent
LogPluginManager: Mounting plugin EditableMesh
LogPluginManager: Mounting plugin ExampleDeviceProfileSelector
LogPluginManager: Mounting plugin Firebase
LogPluginManager: Mounting plugin GoogleCloudMessaging
LogPluginManager: Mounting plugin IOSDeviceProfileSelector
LogPluginManager: Mounting plugin LinuxDeviceProfileSelector
LogPluginManager: Mounting plugin LocationServicesBPLibrary
LogPluginManager: Mounting plugin MobilePatchingUtils
LogPluginManager: Mounting plugin OculusVR
LogPluginManager: Mounting plugin PhysXVehicles
LogPluginManager: Mounting plugin ProceduralMeshComponent
LogPluginManager: Mounting plugin RuntimePhysXCooking
LogPluginManager: Mounting plugin SignificanceManager
LogPluginManager: Mounting plugin SteamVR
LogPluginManager: Mounting plugin WebMMoviePlayer
LogPluginManager: Mounting plugin WindowsMoviePlayer
LogInit: Using libcurl 7.55.1-DEV
LogInit:  - built for x86_64-pc-win32
LogInit:  - supports SSL with OpenSSL/1.1.1
LogInit:  - supports HTTP deflate (compression) using libz 1.2.8
LogInit:  - other features:
LogInit:      CURL_VERSION_SSL
LogInit:      CURL_VERSION_LIBZ
LogInit:      CURL_VERSION_IPV6
LogInit:      CURL_VERSION_ASYNCHDNS
LogInit:      CURL_VERSION_LARGEFILE
LogInit:      CURL_VERSION_IDN
LogInit:  CurlRequestOptions (configurable via config and command line):
LogInit:  - bVerifyPeer = true  - Libcurl will verify peer certificate
LogInit:  - bUseHttpProxy = false  - Libcurl will NOT use HTTP proxy
LogInit:  - bDontReuseConnections = false  - Libcurl will reuse connections
LogInit:  - MaxHostConnections = 16  - Libcurl will limit the number of connections to a host
LogInit:  - LocalHostAddr = Default
LogInit:  - BufferSize = 65536
LogInit: WinSock: version 1.1 (2.2), MaxSocks=32767, MaxUdp=65467
LogInit: Build: ++UE4+Release-4.22-CL-6063286
LogInit: Engine Version: 4.22.1-6063286+++UE4+Release-4.22
LogInit: Compatible Engine Version: 4.22.0-5660361+++UE4+Release-4.22
LogInit: Net CL: 5660361
LogInit: OS: Windows 10 (Release 1803) (), CPU: Intel(R) Core(TM) i3-6100 CPU @ 3.70GHz, GPU: Intel(R) HD Graphics 530
LogInit: Compiled (64-bit): Apr 24 2019 04:36:48
LogInit: Compiled with Visual C++: 19.16.27025.01
LogInit: Build Configuration: Development
LogInit: Branch Name: ++UE4+Release-4.22
LogInit: Command Line: 
LogInit: Base Directory: D:/Epic Games/UE_4.22/Engine/Binaries/Win64/
LogInit: Installed Engine Build: 1
LogDevObjectVersion: Number of dev versions registered: 23
LogDevObjectVersion:   Dev-Blueprints (B0D832E4-1F89-4F0D-ACCF-7EB736FD4AA2): 10
LogDevObjectVersion:   Dev-Build (E1C64328-A22C-4D53-A36C-8E866417BD8C): 0
LogDevObjectVersion:   Dev-Core (375EC13C-06E4-48FB-B500-84F0262A717E): 3
LogDevObjectVersion:   Dev-Editor (E4B068ED-F494-42E9-A231-DA0B2E46BB41): 30
LogDevObjectVersion:   Dev-Framework (CFFC743F-43B0-4480-9391-14DF171D2073): 35
LogDevObjectVersion:   Dev-Mobile (B02B49B5-BB20-44E9-A304-32B752E40360): 2
LogDevObjectVersion:   Dev-Networking (A4E4105C-59A1-49B5-A7C5-40C4547EDFEE): 0
LogDevObjectVersion:   Dev-Online (39C831C9-5AE6-47DC-9A44-9C173E1C8E7C): 0
LogDevObjectVersion:   Dev-Physics (78F01B33-EBEA-4F98-B9B4-84EACCB95AA2): 0
LogDevObjectVersion:   Dev-Platform (6631380F-2D4D-43E0-8009-CF276956A95A): 0
LogDevObjectVersion:   Dev-Rendering (12F88B9F-8875-4AFC-A67C-D90C383ABD29): 28
LogDevObjectVersion:   Dev-Sequencer (7B5AE74C-D270-4C10-A958-57980B212A5A): 11
LogDevObjectVersion:   Dev-VR (D7296918-1DD6-4BDD-9DE2-64A83CC13884): 2
LogDevObjectVersion:   Dev-LoadTimes (C2A15278-BFE7-4AFE-6C17-90FF531DF755): 1
LogDevObjectVersion:   Private-Geometry (6EACA3D4-40EC-4CC1-B786-8BED09428FC5): 3
LogDevObjectVersion:   Dev-AnimPhys (29E575DD-E0A3-4627-9D10-D276232CDCEA): 17
LogDevObjectVersion:   Dev-Anim (AF43A65D-7FD3-4947-9873-3E8ED9C1BB05): 2
LogDevObjectVersion:   Dev-ReflectionCapture (6B266CEC-1EC7-4B8F-A30B-E4D90942FC07): 1
LogDevObjectVersion:   Dev-Automation (0DF73D61-A23F-47EA-B727-89E90C41499A): 1
LogDevObjectVersion:   FortniteMain (601D1886-AC64-4F84-AA16-D3DE0DEAC7D6): 25
LogDevObjectVersion:   Dev-Enterprise (9DFFBCD6-494F-0158-E221-12823C92A888): 6
LogDevObjectVersion:   Dev-Niagara (F2AED0AC-9AFE-416F-8664-AA7FFA26D6FC): 1
LogDevObjectVersion:   Dev-Destruction (174F1F0B-B4C6-45A5-B13F-2EE8D0FB917D): 2
LogInit: Presizing for max 16777216 objects, including 0 objects not considered by GC, pre-allocating 0 bytes for permanent pool.
LogInit: Object subsystem initialized
LogConfig: Setting CVar [[con.DebugEarlyDefault:1]]
LogConfig: Setting CVar [[r.setres:1280x720]]
[2019.05.31-12.50.31:297][  0]LogConfig: Setting CVar [[r.VSync:0]]
[2019.05.31-12.50.31:297][  0]LogConfig: Setting CVar [[r.RHICmdBypass:0]]
[2019.05.31-12.50.31:297][  0]LogConfig: Applying CVar settings from Section [/Script/Engine.RendererSettings] File [D:/Game-ReSoul/Disign/Ui/Interface/Saved/Config/Windows/Engine.ini]
[2019.05.31-12.50.31:297][  0]LogConfig: Setting CVar [[r.GPUCrashDebugging:0]]
[2019.05.31-12.50.31:297][  0]LogConfig: Setting CVar [[r.DefaultFeature.AutoExposure.ExtendDefaultLuminanceRange:1]]
[2019.05.31-12.50.31:297][  0]LogConfig: Applying CVar settings from Section [/Script/Engine.RendererOverrideSettings] File [D:/Game-ReSoul/Disign/Ui/Interface/Saved/Config/Windows/Engine.ini]
[2019.05.31-12.50.31:297][  0]LogConfig: Applying CVar settings from Section [/Script/Engine.StreamingSettings] File [D:/Game-ReSoul/Disign/Ui/Interface/Saved/Config/Windows/Engine.ini]
[2019.05.31-12.50.31:297][  0]LogConfig: Setting CVar [[s.MinBulkDataSizeForAsyncLoading:131072]]
[2019.05.31-12.50.31:297][  0]LogConfig: Setting CVar [[s.AsyncLoadingThreadEnabled:0]]
[2019.05.31-12.50.31:297][  0]LogConfig: Setting CVar [[s.EventDrivenLoaderEnabled:1]]
[2019.05.31-12.50.31:297][  0]LogConfig: Setting CVar [[s.WarnIfTimeLimitExceeded:0]]
[2019.05.31-12.50.31:297][  0]LogConfig: Setting CVar [[s.TimeLimitExceededMultiplier:1.5]]
[2019.05.31-12.50.31:297][  0]LogConfig: Setting CVar [[s.TimeLimitExceededMinTime:0.005]]
[2019.05.31-12.50.31:297][  0]LogConfig: Setting CVar [[s.UseBackgroundLevelStreaming:1]]
[2019.05.31-12.50.31:297][  0]LogConfig: Setting CVar [[s.PriorityAsyncLoadingExtraTime:15.0]]
[2019.05.31-12.50.31:297][  0]LogConfig: Setting CVar [[s.LevelStreamingActorsUpdateTimeLimit:5.0]]
[2019.05.31-12.50.31:297][  0]LogConfig: Setting CVar [[s.PriorityLevelStreamingActorsUpdateExtraTime:5.0]]
[2019.05.31-12.50.31:297][  0]LogConfig: Setting CVar [[s.LevelStreamingComponentsRegistrationGranularity:10]]
[2019.05.31-12.50.31:297][  0]LogConfig: Setting CVar [[s.UnregisterComponentsTimeLimit:1.0]]
[2019.05.31-12.50.31:297][  0]LogConfig: Setting CVar [[s.LevelStreamingComponentsUnregistrationGranularity:5]]
[2019.05.31-12.50.31:297][  0]LogConfig: Applying CVar settings from Section [/Script/Engine.GarbageCollectionSettings] File [D:/Game-ReSoul/Disign/Ui/Interface/Saved/Config/Windows/Engine.ini]
[2019.05.31-12.50.31:297][  0]LogConfig: Setting CVar [[gc.MaxObjectsNotConsideredByGC:1]]
[2019.05.31-12.50.31:297][  0]LogConfig: Setting CVar [[gc.SizeOfPermanentObjectPool:0]]
[2019.05.31-12.50.31:297][  0]LogConfig: Setting CVar [[gc.FlushStreamingOnGC:0]]
[2019.05.31-12.50.31:297][  0]LogConfig: Setting CVar [[gc.NumRetriesBeforeForcingGC:10]]
[2019.05.31-12.50.31:297][  0]LogConfig: Setting CVar [[gc.AllowParallelGC:1]]
[2019.05.31-12.50.31:298][  0]LogConfig: Setting CVar [[gc.TimeBetweenPurgingPendingKillObjects:61.1]]
[2019.05.31-12.50.31:298][  0]LogConfig: Setting CVar [[gc.MaxObjectsInEditor:16777216]]
[2019.05.31-12.50.31:298][  0]LogConfig: Setting CVar [[gc.IncrementalBeginDestroyEnabled:1]]
[2019.05.31-12.50.31:298][  0]LogConfig: Setting CVar [[gc.CreateGCClusters:1]]
[2019.05.31-12.50.31:298][  0]LogConfig: Setting CVar [[gc.MinGCClusterSize:5]]
[2019.05.31-12.50.31:298][  0]LogConfig: Setting CVar [[gc.ActorClusteringEnabled:0]]
[2019.05.31-12.50.31:298][  0]LogConfig: Setting CVar [[gc.BlueprintClusteringEnabled:0]]
[2019.05.31-12.50.31:298][  0]LogConfig: Setting CVar [[gc.UseDisregardForGCOnDedicatedServers:0]]
[2019.05.31-12.50.31:298][  0]LogConfig: Applying CVar settings from Section [/Script/Engine.NetworkSettings] File [D:/Game-ReSoul/Disign/Ui/Interface/Saved/Config/Windows/Engine.ini]
[2019.05.31-12.50.31:298][  0]LogConfig: Applying CVar settings from Section [/Script/UnrealEd.CookerSettings] File [D:/Game-ReSoul/Disign/Ui/Interface/Saved/Config/Windows/Engine.ini]
[2019.05.31-12.50.31:303][  0]LogConfig: Applying CVar settings from Section [ViewDistanceQuality@3] File [D:/Game-ReSoul/Disign/Ui/Interface/Saved/Config/Windows/Scalability.ini]
[2019.05.31-12.50.31:303][  0]LogConfig: Setting CVar [[r.SkeletalMeshLODBias:0]]
[2019.05.31-12.50.31:303][  0]LogConfig: Setting CVar [[r.ViewDistanceScale:1.0]]
[2019.05.31-12.50.31:303][  0]LogConfig: Applying CVar settings from Section [AntiAliasingQuality@3] File [D:/Game-ReSoul/Disign/Ui/Interface/Saved/Config/Windows/Scalability.ini]
[2019.05.31-12.50.31:303][  0]LogConfig: Setting CVar [[r.PostProcessAAQuality:4]]
[2019.05.31-12.50.31:303][  0]LogConfig: Applying CVar settings from Section [ShadowQuality@3] File [D:/Game-ReSoul/Disign/Ui/Interface/Saved/Config/Windows/Scalability.ini]
[2019.05.31-12.50.31:303][  0]LogConfig: Setting CVar [[r.LightFunctionQuality:1]]
[2019.05.31-12.50.31:303][  0]LogConfig: Setting CVar [[r.ShadowQuality:5]]
[2019.05.31-12.50.31:303][  0]LogConfig: Setting CVar [[r.Shadow.CSM.MaxCascades:10]]
[2019.05.31-12.50.31:303][  0]LogConfig: Setting CVar [[r.Shadow.MaxResolution:2048]]
[2019.05.31-12.50.31:304][  0]LogConfig: Setting CVar [[r.Shadow.MaxCSMResolution:2048]]
[2019.05.31-12.50.31:304][  0]LogConfig: Setting CVar [[r.Shadow.RadiusThreshold:0.01]]
[2019.05.31-12.50.31:304][  0]LogConfig: Setting CVar [[r.Shadow.DistanceScale:1.0]]
[2019.05.31-12.50.31:304][  0]LogConfig: Setting CVar [[r.Shadow.CSM.TransitionScale:1.0]]
[2019.05.31-12.50.31:304][  0]LogConfig: Setting CVar [[r.Shadow.PreShadowResolutionFactor:1.0]]
[2019.05.31-12.50.31:304][  0]LogConfig: Setting CVar [[r.DistanceFieldShadowing:1]]
[2019.05.31-12.50.31:304][  0]LogConfig: Setting CVar [[r.DistanceFieldAO:1]]
[2019.05.31-12.50.31:304][  0]LogConfig: Setting CVar [[r.AOQuality:2]]
[2019.05.31-12.50.31:304][  0]LogConfig: Setting CVar [[r.VolumetricFog:1]]
[2019.05.31-12.50.31:304][  0]LogConfig: Setting CVar [[r.VolumetricFog.GridPixelSize:8]]
[2019.05.31-12.50.31:304][  0]LogConfig: Setting CVar [[r.VolumetricFog.GridSizeZ:128]]
[2019.05.31-12.50.31:304][  0]LogConfig: Setting CVar [[r.VolumetricFog.HistoryMissSupersampleCount:4]]
[2019.05.31-12.50.31:304][  0]LogConfig: Setting CVar [[r.LightMaxDrawDistanceScale:1]]
[2019.05.31-12.50.31:304][  0]LogConfig: Setting CVar [[r.CapsuleShadows:1]]
[2019.05.31-12.50.31:304][  0]LogConfig: Applying CVar settings from Section [PostProcessQuality@3] File [D:/Game-ReSoul/Disign/Ui/Interface/Saved/Config/Windows/Scalability.ini]
[2019.05.31-12.50.31:304][  0]LogConfig: Setting CVar [[r.MotionBlurQuality:4]]
[2019.05.31-12.50.31:304][  0]LogConfig: Setting CVar [[r.AmbientOcclusionMipLevelFactor:0.4]]
[2019.05.31-12.50.31:304][  0]LogConfig: Setting CVar [[r.AmbientOcclusionMaxQuality:100]]
[2019.05.31-12.50.31:304][  0]LogConfig: Setting CVar [[r.AmbientOcclusionLevels:-1]]
[2019.05.31-12.50.31:304][  0]LogConfig: Setting CVar [[r.AmbientOcclusionRadiusScale:1.0]]
[2019.05.31-12.50.31:305][  0]LogConfig: Setting CVar [[r.DepthOfFieldQuality:2]]
[2019.05.31-12.50.31:305][  0]LogConfig: Setting CVar [[r.RenderTargetPoolMin:400]]
[2019.05.31-12.50.31:305][  0]LogConfig: Setting CVar [[r.LensFlareQuality:2]]
[2019.05.31-12.50.31:305][  0]LogConfig: Setting CVar [[r.SceneColorFringeQuality:1]]
[2019.05.31-12.50.31:305][  0]LogConfig: Setting CVar [[r.EyeAdaptationQuality:2]]
[2019.05.31-12.50.31:305][  0]LogConfig: Setting CVar [[r.BloomQuality:5]]
[2019.05.31-12.50.31:305][  0]LogConfig: Setting CVar [[r.FastBlurThreshold:100]]
[2019.05.31-12.50.31:305][  0]LogConfig: Setting CVar [[r.Upscale.Quality:3]]
[2019.05.31-12.50.31:305][  0]LogConfig: Setting CVar [[r.Tonemapper.GrainQuantization:1]]
[2019.05.31-12.50.31:305][  0]LogConfig: Setting CVar [[r.LightShaftQuality:1]]
[2019.05.31-12.50.31:305][  0]LogConfig: Setting CVar [[r.Filter.SizeScale:1]]
[2019.05.31-12.50.31:305][  0]LogConfig: Setting CVar [[r.Tonemapper.Quality:5]]
[2019.05.31-12.50.31:305][  0]LogConfig: Setting CVar [[r.DOF.Gather.AccumulatorQuality:1        ; higher gathering accumulator quality]]
[2019.05.31-12.50.31:305][  0]LogConfig: Setting CVar [[r.DOF.Gather.PostfilterMethod:1          ; Median3x3 postfilering method]]
[2019.05.31-12.50.31:305][  0]LogConfig: Setting CVar [[r.DOF.Gather.EnableBokehSettings:0       ; no bokeh simulation when gathering]]
[2019.05.31-12.50.31:305][  0]LogConfig: Setting CVar [[r.DOF.Gather.RingCount:4                 ; medium number of samples when gathering]]
[2019.05.31-12.50.31:305][  0]LogConfig: Setting CVar [[r.DOF.Scatter.ForegroundCompositing:1    ; additive foreground scattering]]
[2019.05.31-12.50.31:305][  0]LogConfig: Setting CVar [[r.DOF.Scatter.BackgroundCompositing:2    ; additive background scattering]]
[2019.05.31-12.50.31:305][  0]LogConfig: Setting CVar [[r.DOF.Scatter.EnableBokehSettings:1      ; bokeh simulation when scattering]]
[2019.05.31-12.50.31:305][  0]LogConfig: Setting CVar [[r.DOF.Scatter.MaxSpriteRatio:0.1         ; only a maximum of 10% of scattered bokeh]]
[2019.05.31-12.50.31:305][  0]LogConfig: Setting CVar [[r.DOF.Recombine.Quality:1                ; cheap slight out of focus]]
[2019.05.31-12.50.31:305][  0]LogConfig: Setting CVar [[r.DOF.Recombine.EnableBokehSettings:0    ; no bokeh simulation on slight out of focus]]
[2019.05.31-12.50.31:305][  0]LogConfig: Setting CVar [[r.DOF.TemporalAAQuality:1                ; more stable temporal accumulation]]
[2019.05.31-12.50.31:306][  0]LogConfig: Setting CVar [[r.DOF.Kernel.MaxForegroundRadius:0.025]]
[2019.05.31-12.50.31:306][  0]LogConfig: Setting CVar [[r.DOF.Kernel.MaxBackgroundRadius:0.025]]
[2019.05.31-12.50.31:306][  0]LogConfig: Applying CVar settings from Section [TextureQuality@3] File [D:/Game-ReSoul/Disign/Ui/Interface/Saved/Config/Windows/Scalability.ini]
[2019.05.31-12.50.31:306][  0]LogConfig: Setting CVar [[r.Streaming.MipBias:0]]
[2019.05.31-12.50.31:306][  0]LogConfig: Setting CVar [[r.Streaming.AmortizeCPUToGPUCopy:0]]
[2019.05.31-12.50.31:306][  0]LogConfig: Setting CVar [[r.Streaming.MaxNumTexturesToStreamPerFrame:0]]
[2019.05.31-12.50.31:306][  0]LogConfig: Setting CVar [[r.Streaming.Boost:1]]
[2019.05.31-12.50.31:306][  0]LogConfig: Setting CVar [[r.MaxAnisotropy:8]]
[2019.05.31-12.50.31:306][  0]LogConfig: Setting CVar [[r.Streaming.LimitPoolSizeToVRAM:0]]
[2019.05.31-12.50.31:306][  0]LogConfig: Setting CVar [[r.Streaming.PoolSize:1000]]
[2019.05.31-12.50.31:306][  0]LogConfig: Setting CVar [[r.Streaming.MaxEffectiveScreenSize:0]]
[2019.05.31-12.50.31:306][  0]LogConfig: Applying CVar settings from Section [EffectsQuality@3] File [D:/Game-ReSoul/Disign/Ui/Interface/Saved/Config/Windows/Scalability.ini]
[2019.05.31-12.50.31:306][  0]LogConfig: Setting CVar [[r.TranslucencyLightingVolumeDim:64]]
[2019.05.31-12.50.31:306][  0]LogConfig: Setting CVar [[r.RefractionQuality:2]]
[2019.05.31-12.50.31:306][  0]LogConfig: Setting CVar [[r.SSR.Quality:3]]
[2019.05.31-12.50.31:306][  0]LogConfig: Setting CVar [[r.SceneColorFormat:4]]
[2019.05.31-12.50.31:306][  0]LogConfig: Setting CVar [[r.DetailMode:2]]
[2019.05.31-12.50.31:306][  0]LogConfig: Setting CVar [[r.TranslucencyVolumeBlur:1]]
[2019.05.31-12.50.31:306][  0]LogConfig: Setting CVar [[r.MaterialQualityLevel:1 ; High quality]]
[2019.05.31-12.50.31:306][  0]LogConfig: Setting CVar [[r.SSS.Scale:1]]
[2019.05.31-12.50.31:307][  0]LogConfig: Setting CVar [[r.SSS.SampleSet:2]]
[2019.05.31-12.50.31:307][  0]LogConfig: Setting CVar [[r.SSS.Quality:1]]
[2019.05.31-12.50.31:307][  0]LogConfig: Setting CVar [[r.SSS.HalfRes:1]]
[2019.05.31-12.50.31:307][  0]LogConfig: Setting CVar [[r.EmitterSpawnRateScale:1.0]]
[2019.05.31-12.50.31:307][  0]LogConfig: Setting CVar [[r.ParticleLightQuality:2]]
[2019.05.31-12.50.31:307][  0]LogConfig: Applying CVar settings from Section [FoliageQuality@3] File [D:/Game-ReSoul/Disign/Ui/Interface/Saved/Config/Windows/Scalability.ini]
[2019.05.31-12.50.31:307][  0]LogConfig: Setting CVar [[foliage.DensityScale:1.0]]
[2019.05.31-12.50.31:307][  0]LogConfig: Setting CVar [[grass.DensityScale:1.0]]
[2019.05.31-12.50.31:307][  0]LogInit: Selected Device Profile: [Windows]
[2019.05.31-12.50.31:307][  0]LogInit: Applying CVar settings loaded from the selected device profile: [Windows]
[2019.05.31-12.50.31:362][  0]LogHAL: Display: Platform has ~ 8 GB [8448561152 / 8589934592 / 8], which maps to Default [LargestMinGB=32, LargerMinGB=12, DefaultMinGB=8, SmallerMinGB=6, SmallestMinGB=0)
[2019.05.31-12.50.31:362][  0]LogConfig: Setting CVar [[r.Vulkan.UseRealUBs:0		; Required until we fix HLR fall-out]]
[2019.05.31-12.50.31:362][  0]LogInit: Going up to parent DeviceProfile []
[2019.05.31-12.50.31:362][  0]LogConfig: Applying CVar settings from Section [ViewDistanceQuality@3] File [D:/Game-ReSoul/Disign/Ui/Interface/Saved/Config/Windows/Scalability.ini]
[2019.05.31-12.50.31:362][  0]LogConfig: Setting CVar [[r.SkeletalMeshLODBias:0]]
[2019.05.31-12.50.31:362][  0]LogConfig: Setting CVar [[r.ViewDistanceScale:1.0]]
[2019.05.31-12.50.31:362][  0]LogConfig: Applying CVar settings from Section [AntiAliasingQuality@3] File [D:/Game-ReSoul/Disign/Ui/Interface/Saved/Config/Windows/Scalability.ini]
[2019.05.31-12.50.31:362][  0]LogConfig: Setting CVar [[r.PostProcessAAQuality:4]]
[2019.05.31-12.50.31:362][  0]LogConfig: Applying CVar settings from Section [ShadowQuality@3] File [D:/Game-ReSoul/Disign/Ui/Interface/Saved/Config/Windows/Scalability.ini]
[2019.05.31-12.50.31:362][  0]LogConfig: Setting CVar [[r.LightFunctionQuality:1]]
[2019.05.31-12.50.31:362][  0]LogConfig: Setting CVar [[r.ShadowQuality:5]]
[2019.05.31-12.50.31:362][  0]LogConfig: Setting CVar [[r.Shadow.CSM.MaxCascades:10]]
[2019.05.31-12.50.31:362][  0]LogConfig: Setting CVar [[r.Shadow.MaxResolution:2048]]
[2019.05.31-12.50.31:362][  0]LogConfig: Setting CVar [[r.Shadow.MaxCSMResolution:2048]]
[2019.05.31-12.50.31:362][  0]LogConfig: Setting CVar [[r.Shadow.RadiusThreshold:0.01]]
[2019.05.31-12.50.31:362][  0]LogConfig: Setting CVar [[r.Shadow.DistanceScale:1.0]]
[2019.05.31-12.50.31:363][  0]LogConfig: Setting CVar [[r.Shadow.CSM.TransitionScale:1.0]]
[2019.05.31-12.50.31:363][  0]LogConfig: Setting CVar [[r.Shadow.PreShadowResolutionFactor:1.0]]
[2019.05.31-12.50.31:363][  0]LogConfig: Setting CVar [[r.DistanceFieldShadowing:1]]
[2019.05.31-12.50.31:363][  0]LogConfig: Setting CVar [[r.DistanceFieldAO:1]]
[2019.05.31-12.50.31:363][  0]LogConfig: Setting CVar [[r.AOQuality:2]]
[2019.05.31-12.50.31:363][  0]LogConfig: Setting CVar [[r.VolumetricFog:1]]
[2019.05.31-12.50.31:363][  0]LogConfig: Setting CVar [[r.VolumetricFog.GridPixelSize:8]]
[2019.05.31-12.50.31:363][  0]LogConfig: Setting CVar [[r.VolumetricFog.GridSizeZ:128]]
[2019.05.31-12.50.31:363][  0]LogConfig: Setting CVar [[r.VolumetricFog.HistoryMissSupersampleCount:4]]
[2019.05.31-12.50.31:363][  0]LogConfig: Setting CVar [[r.LightMaxDrawDistanceScale:1]]
[2019.05.31-12.50.31:363][  0]LogConfig: Setting CVar [[r.CapsuleShadows:1]]
[2019.05.31-12.50.31:363][  0]LogConfig: Applying CVar settings from Section [PostProcessQuality@3] File [D:/Game-ReSoul/Disign/Ui/Interface/Saved/Config/Windows/Scalability.ini]
[2019.05.31-12.50.31:363][  0]LogConfig: Setting CVar [[r.MotionBlurQuality:4]]
[2019.05.31-12.50.31:363][  0]LogConfig: Setting CVar [[r.AmbientOcclusionMipLevelFactor:0.4]]
[2019.05.31-12.50.31:363][  0]LogConfig: Setting CVar [[r.AmbientOcclusionMaxQuality:100]]
[2019.05.31-12.50.31:363][  0]LogConfig: Setting CVar [[r.AmbientOcclusionLevels:-1]]
[2019.05.31-12.50.31:363][  0]LogConfig: Setting CVar [[r.AmbientOcclusionRadiusScale:1.0]]
[2019.05.31-12.50.31:363][  0]LogConfig: Setting CVar [[r.DepthOfFieldQuality:2]]
[2019.05.31-12.50.31:363][  0]LogConfig: Setting CVar [[r.RenderTargetPoolMin:400]]
[2019.05.31-12.50.31:363][  0]LogConfig: Setting CVar [[r.LensFlareQuality:2]]
[2019.05.31-12.50.31:363][  0]LogConfig: Setting CVar [[r.SceneColorFringeQuality:1]]
[2019.05.31-12.50.31:363][  0]LogConfig: Setting CVar [[r.EyeAdaptationQuality:2]]
[2019.05.31-12.50.31:363][  0]LogConfig: Setting CVar [[r.BloomQuality:5]]
[2019.05.31-12.50.31:363][  0]LogConfig: Setting CVar [[r.FastBlurThreshold:100]]
[2019.05.31-12.50.31:363][  0]LogConfig: Setting CVar [[r.Upscale.Quality:3]]
[2019.05.31-12.50.31:363][  0]LogConfig: Setting CVar [[r.Tonemapper.GrainQuantization:1]]
[2019.05.31-12.50.31:363][  0]LogConfig: Setting CVar [[r.LightShaftQuality:1]]
[2019.05.31-12.50.31:363][  0]LogConfig: Setting CVar [[r.Filter.SizeScale:1]]
[2019.05.31-12.50.31:363][  0]LogConfig: Setting CVar [[r.Tonemapper.Quality:5]]
[2019.05.31-12.50.31:363][  0]LogConfig: Setting CVar [[r.DOF.Gather.AccumulatorQuality:1        ; higher gathering accumulator quality]]
[2019.05.31-12.50.31:363][  0]LogConfig: Setting CVar [[r.DOF.Gather.PostfilterMethod:1          ; Median3x3 postfilering method]]
[2019.05.31-12.50.31:363][  0]LogConfig: Setting CVar [[r.DOF.Gather.EnableBokehSettings:0       ; no bokeh simulation when gathering]]
[2019.05.31-12.50.31:363][  0]LogConfig: Setting CVar [[r.DOF.Gather.RingCount:4                 ; medium number of samples when gathering]]
[2019.05.31-12.50.31:363][  0]LogConfig: Setting CVar [[r.DOF.Scatter.ForegroundCompositing:1    ; additive foreground scattering]]
[2019.05.31-12.50.31:363][  0]LogConfig: Setting CVar [[r.DOF.Scatter.BackgroundCompositing:2    ; additive background scattering]]
[2019.05.31-12.50.31:363][  0]LogConfig: Setting CVar [[r.DOF.Scatter.EnableBokehSettings:1      ; bokeh simulation when scattering]]
[2019.05.31-12.50.31:364][  0]LogConfig: Setting CVar [[r.DOF.Scatter.MaxSpriteRatio:0.1         ; only a maximum of 10% of scattered bokeh]]
[2019.05.31-12.50.31:364][  0]LogConfig: Setting CVar [[r.DOF.Recombine.Quality:1                ; cheap slight out of focus]]
[2019.05.31-12.50.31:364][  0]LogConfig: Setting CVar [[r.DOF.Recombine.EnableBokehSettings:0    ; no bokeh simulation on slight out of focus]]
[2019.05.31-12.50.31:364][  0]LogConfig: Setting CVar [[r.DOF.TemporalAAQuality:1                ; more stable temporal accumulation]]
[2019.05.31-12.50.31:364][  0]LogConfig: Setting CVar [[r.DOF.Kernel.MaxForegroundRadius:0.025]]
[2019.05.31-12.50.31:364][  0]LogConfig: Setting CVar [[r.DOF.Kernel.MaxBackgroundRadius:0.025]]
[2019.05.31-12.50.31:364][  0]LogConfig: Applying CVar settings from Section [TextureQuality@3] File [D:/Game-ReSoul/Disign/Ui/Interface/Saved/Config/Windows/Scalability.ini]
[2019.05.31-12.50.31:364][  0]LogConfig: Setting CVar [[r.Streaming.MipBias:0]]
[2019.05.31-12.50.31:364][  0]LogConfig: Setting CVar [[r.Streaming.AmortizeCPUToGPUCopy:0]]
[2019.05.31-12.50.31:364][  0]LogConfig: Setting CVar [[r.Streaming.MaxNumTexturesToStreamPerFrame:0]]
[2019.05.31-12.50.31:364][  0]LogConfig: Setting CVar [[r.Streaming.Boost:1]]
[2019.05.31-12.50.31:364][  0]LogConfig: Setting CVar [[r.MaxAnisotropy:8]]
[2019.05.31-12.50.31:364][  0]LogConfig: Setting CVar [[r.Streaming.LimitPoolSizeToVRAM:0]]
[2019.05.31-12.50.31:364][  0]LogConfig: Setting CVar [[r.Streaming.PoolSize:1000]]
[2019.05.31-12.50.31:364][  0]LogConfig: Setting CVar [[r.Streaming.MaxEffectiveScreenSize:0]]
[2019.05.31-12.50.31:364][  0]LogConfig: Applying CVar settings from Section [EffectsQuality@3] File [D:/Game-ReSoul/Disign/Ui/Interface/Saved/Config/Windows/Scalability.ini]
[2019.05.31-12.50.31:364][  0]LogConfig: Setting CVar [[r.TranslucencyLightingVolumeDim:64]]
[2019.05.31-12.50.31:364][  0]LogConfig: Setting CVar [[r.RefractionQuality:2]]
[2019.05.31-12.50.31:364][  0]LogConfig: Setting CVar [[r.SSR.Quality:3]]
[2019.05.31-12.50.31:364][  0]LogConfig: Setting CVar [[r.SceneColorFormat:4]]
[2019.05.31-12.50.31:364][  0]LogConfig: Setting CVar [[r.DetailMode:2]]
[2019.05.31-12.50.31:364][  0]LogConfig: Setting CVar [[r.TranslucencyVolumeBlur:1]]
[2019.05.31-12.50.31:364][  0]LogConfig: Setting CVar [[r.MaterialQualityLevel:1 ; High quality]]
[2019.05.31-12.50.31:364][  0]LogConfig: Setting CVar [[r.SSS.Scale:1]]
[2019.05.31-12.50.31:364][  0]LogConfig: Setting CVar [[r.SSS.SampleSet:2]]
[2019.05.31-12.50.31:364][  0]LogConfig: Setting CVar [[r.SSS.Quality:1]]
[2019.05.31-12.50.31:364][  0]LogConfig: Setting CVar [[r.SSS.HalfRes:1]]
[2019.05.31-12.50.31:364][  0]LogConfig: Setting CVar [[r.EmitterSpawnRateScale:1.0]]
[2019.05.31-12.50.31:364][  0]LogConfig: Setting CVar [[r.ParticleLightQuality:2]]
[2019.05.31-12.50.31:364][  0]LogConfig: Applying CVar settings from Section [FoliageQuality@3] File [D:/Game-ReSoul/Disign/Ui/Interface/Saved/Config/Windows/Scalability.ini]
[2019.05.31-12.50.31:364][  0]LogConfig: Setting CVar [[foliage.DensityScale:1.0]]
[2019.05.31-12.50.31:364][  0]LogConfig: Setting CVar [[grass.DensityScale:1.0]]
[2019.05.31-12.50.31:364][  0]LogConfig: Applying CVar settings from Section [Startup] File [../../../Engine/Config/ConsoleVariables.ini]
[2019.05.31-12.50.31:365][  0]LogConfig: Setting CVar [[net.UseAdaptiveNetUpdateFrequency:0]]
[2019.05.31-12.50.31:365][  0]LogConfig: Setting CVar [[p.chaos.AllowCreatePhysxBodies:1]]
[2019.05.31-12.50.31:365][  0]LogConfig: Applying CVar settings from Section [ConsoleVariables] File [D:/Game-ReSoul/Disign/Ui/Interface/Saved/Config/Windows/Engine.ini]
[2019.05.31-12.50.31:365][  0]LogInit: Computer: DESKTOP-FSMVM78
[2019.05.31-12.50.31:365][  0]LogInit: User: User
[2019.05.31-12.50.31:365][  0]LogInit: CPU Page size=4096, Cores=2
[2019.05.31-12.50.31:365][  0]LogInit: High frequency timer resolution =3.609374 MHz
[2019.05.31-12.50.31:366][  0]LogMemory: Memory total: Physical=7.9GB (8GB approx)
[2019.05.31-12.50.31:366][  0]LogMemory: Platform Memory Stats for Windows
[2019.05.31-12.50.31:366][  0]LogMemory: Process Physical Memory: 95.96 MB used, 95.96 MB peak
[2019.05.31-12.50.31:366][  0]LogMemory: Process Virtual Memory: 83.48 MB used, 83.48 MB peak
[2019.05.31-12.50.31:366][  0]LogMemory: Physical Memory: 2227.05 MB used,  5830.13 MB free, 8057.18 MB total
[2019.05.31-12.50.31:366][  0]LogMemory: Virtual Memory: 4633.03 MB used,  134213096.00 MB free, 134217728.00 MB total
[2019.05.31-12.50.31:396][  0]LogInit: Using OS detected language (ru-RU).
[2019.05.31-12.50.31:396][  0]LogInit: Using OS detected locale (ru-RU).
[2019.05.31-12.50.31:397][  0]LogTextLocalizationManager: No specific localization for 'ru-RU' exists, so the 'ru' localization will be used.
[2019.05.31-12.50.31:398][  0]LogTextLocalizationResource: LocRes '../../../Engine/Content/Localization/Editor/ru/Editor.locres' could not be opened for reading!
[2019.05.31-12.50.31:398][  0]LogTextLocalizationResource: LocRes '../../../Engine/Content/Localization/EditorTutorials/ru/EditorTutorials.locres' could not be opened for reading!
[2019.05.31-12.50.31:398][  0]LogTextLocalizationResource: LocRes '../../../Engine/Content/Localization/Keywords/ru/Keywords.locres' could not be opened for reading!
[2019.05.31-12.50.31:398][  0]LogTextLocalizationResource: LocRes '../../../Engine/Content/Localization/Category/ru/Category.locres' could not be opened for reading!
[2019.05.31-12.50.31:398][  0]LogTextLocalizationResource: LocRes '../../../Engine/Content/Localization/ToolTips/ru/ToolTips.locres' could not be opened for reading!
[2019.05.31-12.50.31:398][  0]LogTextLocalizationResource: LocRes '../../../Engine/Content/Localization/PropertyNames/ru/PropertyNames.locres' could not be opened for reading!
[2019.05.31-12.50.31:398][  0]LogTextLocalizationResource: LocRes '../../../Engine/Content/Localization/Engine/ru/Engine.locres' could not be opened for reading!
[2019.05.31-12.50.31:399][  0]LogInit: Setting process to per monitor DPI aware
[2019.05.31-12.50.31:433][  0]LogSlate: New Slate User Created.  User Index 0, Is Virtual User: 0
[2019.05.31-12.50.31:433][  0]LogSlate: Slate User Registered.  User Index 0, Is Virtual User: 0
[2019.05.31-12.50.31:580][  0]LogHMD: Failed to initialize OpenVR with code 110
[2019.05.31-12.50.31:580][  0]LogD3D11RHI: D3D11 adapters:
[2019.05.31-12.50.31:598][  0]LogD3D11RHI:    0. 'Intel(R) HD Graphics 530' (Feature Level 11_0)
[2019.05.31-12.50.31:598][  0]LogD3D11RHI:       128/0/4028 MB DedicatedVideo/DedicatedSystem/SharedSystem, Outputs:1, VendorId:0x8086
[2019.05.31-12.50.31:600][  0]LogD3D11RHI:    1. 'Microsoft Basic Render Driver' (Feature Level 11_0)
[2019.05.31-12.50.31:600][  0]LogD3D11RHI:       0/0/4028 MB DedicatedVideo/DedicatedSystem/SharedSystem, Outputs:0, VendorId:0x1414
[2019.05.31-12.50.31:600][  0]LogD3D11RHI: Chosen D3D11 Adapter: 0
[2019.05.31-12.50.31:604][  0]LogD3D11RHI: Creating new Direct3DDevice
[2019.05.31-12.50.31:604][  0]LogD3D11RHI:     GPU DeviceId: 0x1912 (for the marketing name, search the web for "GPU Device Id")
[2019.05.31-12.50.31:604][  0]LogWindows: EnumDisplayDevices:
[2019.05.31-12.50.31:604][  0]LogWindows:    0. 'Intel(R) HD Graphics 530' (P:1 D:1)
[2019.05.31-12.50.31:604][  0]LogWindows:    1. 'Intel(R) HD Graphics 530' (P:0 D:0)
[2019.05.31-12.50.31:604][  0]LogWindows:    2. 'Intel(R) HD Graphics 530' (P:0 D:0)
[2019.05.31-12.50.31:605][  0]LogWindows: DebugString: FoundDriverCount:3 
[2019.05.31-12.50.31:605][  0]LogD3D11RHI:     Adapter Name: Intel(R) HD Graphics 530
[2019.05.31-12.50.31:605][  0]LogD3D11RHI:   Driver Version: 25.20.100.6373 (internal:25.20.100.6373, unified:25.20.100.6373)
[2019.05.31-12.50.31:605][  0]LogD3D11RHI:      Driver Date: 11-18-2018
[2019.05.31-12.50.31:605][  0]LogRHI: Texture pool is 1499 MB (70% of 2142 MB)
[2019.05.31-12.50.31:620][  0]LogD3D11RHI: Async texture creation enabled
[2019.05.31-12.50.31:624][  0]LogRendererCore: FGlobalReadBuffer::InitRHI
[2019.05.31-12.50.31:624][  0]LogRendererCore: FGlobalReadBuffer::InitRHI
[2019.05.31-12.50.31:624][  0]LogRendererCore: FGlobalReadBuffer::InitRHI
[2019.05.31-12.50.31:627][  0]LogD3D11RHI: GPU Timing Frequency: 12.000048 (Debug: 2 0)
[2019.05.31-12.50.31:869][  0]LogTemp: Display: Module 'AllDesktopTargetPlatform' loaded TargetPlatform 'AllDesktop'
[2019.05.31-12.50.31:880][  0]LogTemp: Display: Module 'MacClientTargetPlatform' loaded TargetPlatform 'MacClient'
[2019.05.31-12.50.31:890][  0]LogTemp: Display: Module 'MacNoEditorTargetPlatform' loaded TargetPlatform 'MacNoEditor'
[2019.05.31-12.50.31:901][  0]LogTemp: Display: Module 'MacServerTargetPlatform' loaded TargetPlatform 'MacServer'
[2019.05.31-12.50.31:912][  0]LogTemp: Display: Module 'MacTargetPlatform' loaded TargetPlatform 'Mac'
[2019.05.31-12.50.31:923][  0]LogTemp: Display: Module 'WindowsClientTargetPlatform' loaded TargetPlatform 'WindowsClient'
[2019.05.31-12.50.31:934][  0]LogTemp: Display: Module 'WindowsNoEditorTargetPlatform' loaded TargetPlatform 'WindowsNoEditor'
[2019.05.31-12.50.31:943][  0]LogTemp: Display: Module 'WindowsServerTargetPlatform' loaded TargetPlatform 'WindowsServer'
[2019.05.31-12.50.31:948][  0]LogTemp: Display: Module 'WindowsTargetPlatform' loaded TargetPlatform 'Windows'
[2019.05.31-12.50.32:013][  0]LogTemp: Display: Module 'AndroidTargetPlatform' loaded TargetPlatform 'Android'
[2019.05.31-12.50.32:013][  0]LogTemp: Display: Module 'AndroidTargetPlatform' loaded TargetPlatform 'Android_ASTC'
[2019.05.31-12.50.32:013][  0]LogTemp: Display: Module 'AndroidTargetPlatform' loaded TargetPlatform 'Android_ATC'
[2019.05.31-12.50.32:013][  0]LogTemp: Display: Module 'AndroidTargetPlatform' loaded TargetPlatform 'Android_DXT'
[2019.05.31-12.50.32:013][  0]LogTemp: Display: Module 'AndroidTargetPlatform' loaded TargetPlatform 'Android_ETC1'
[2019.05.31-12.50.32:013][  0]LogTemp: Display: Module 'AndroidTargetPlatform' loaded TargetPlatform 'Android_ETC1a'
[2019.05.31-12.50.32:013][  0]LogTemp: Display: Module 'AndroidTargetPlatform' loaded TargetPlatform 'Android_ETC2'
[2019.05.31-12.50.32:013][  0]LogTemp: Display: Module 'AndroidTargetPlatform' loaded TargetPlatform 'Android_PVRTC'
[2019.05.31-12.50.32:013][  0]LogTemp: Display: Module 'AndroidTargetPlatform' loaded TargetPlatform 'AndroidClient'
[2019.05.31-12.50.32:013][  0]LogTemp: Display: Module 'AndroidTargetPlatform' loaded TargetPlatform 'Android_ASTCClient'
[2019.05.31-12.50.32:013][  0]LogTemp: Display: Module 'AndroidTargetPlatform' loaded TargetPlatform 'Android_ATCClient'
[2019.05.31-12.50.32:013][  0]LogTemp: Display: Module 'AndroidTargetPlatform' loaded TargetPlatform 'Android_DXTClient'
[2019.05.31-12.50.32:013][  0]LogTemp: Display: Module 'AndroidTargetPlatform' loaded TargetPlatform 'Android_ETC1Client'
[2019.05.31-12.50.32:013][  0]LogTemp: Display: Module 'AndroidTargetPlatform' loaded TargetPlatform 'Android_ETC1aClient'
[2019.05.31-12.50.32:013][  0]LogTemp: Display: Module 'AndroidTargetPlatform' loaded TargetPlatform 'Android_ETC2Client'
[2019.05.31-12.50.32:013][  0]LogTemp: Display: Module 'AndroidTargetPlatform' loaded TargetPlatform 'Android_PVRTCClient'
[2019.05.31-12.50.32:013][  0]LogTemp: Display: Module 'AndroidTargetPlatform' loaded TargetPlatform 'Android_Multi'
[2019.05.31-12.50.32:013][  0]LogTemp: Display: Module 'AndroidTargetPlatform' loaded TargetPlatform 'Android_MultiClient'
[2019.05.31-12.50.32:014][  0]LogTemp: Display: Module 'HTML5TargetPlatform' loaded TargetPlatform 'HTML5'
[2019.05.31-12.50.32:057][  0]LogTemp: Display: Module 'IOSTargetPlatform' loaded TargetPlatform 'IOSClient'
[2019.05.31-12.50.32:057][  0]LogTemp: Display: Module 'IOSTargetPlatform' loaded TargetPlatform 'IOS'
[2019.05.31-12.50.32:076][  0]LogTemp: Display: Module 'TVOSTargetPlatform' loaded TargetPlatform 'TVOSClient'
[2019.05.31-12.50.32:076][  0]LogTemp: Display: Module 'TVOSTargetPlatform' loaded TargetPlatform 'TVOS'
[2019.05.31-12.50.32:086][  0]LogTemp: Display: Module 'LinuxClientTargetPlatform' loaded TargetPlatform 'LinuxClient'
[2019.05.31-12.50.32:096][  0]LogTemp: Display: Module 'LinuxNoEditorTargetPlatform' loaded TargetPlatform 'LinuxNoEditor'
[2019.05.31-12.50.32:107][  0]LogTemp: Display: Module 'LinuxServerTargetPlatform' loaded TargetPlatform 'LinuxServer'
[2019.05.31-12.50.32:117][  0]LogTemp: Display: Module 'LinuxTargetPlatform' loaded TargetPlatform 'Linux'
[2019.05.31-12.50.32:153][  0]LogTemp: Display: Module 'LuminTargetPlatform' loaded TargetPlatform 'Lumin'
[2019.05.31-12.50.32:153][  0]LogTemp: Display: Module 'LuminTargetPlatform' loaded TargetPlatform 'LuminClient'
[2019.05.31-12.50.32:153][  0]LogTargetPlatformManager: Display: Building Assets For Windows
[2019.05.31-12.50.32:159][  0]LogAudioDebug: Display: Lib vorbis DLL was dynamically loaded.
[2019.05.31-12.50.32:187][  0]LogShaderCompilers: Guid format shader working directory is -1 characters bigger than the processId version (../../../../../Game-ReSoul/Disign/Ui/Interface/Intermediate/Shaders/WorkingDirectory/9748/).
[2019.05.31-12.50.32:188][  0]LogShaderCompilers: Cleaned the shader compiler working directory 'C:/Users/User/AppData/Local/Temp/UnrealShaderWorkingDir/20BCD5A849F557018A8153BD01C11AC9/'.
[2019.05.31-12.50.32:189][  0]LogXGEController: Cleaning working directory: C:/Users/User/AppData/Local/Temp/UnrealXGEWorkingDir/
[2019.05.31-12.50.32:200][  0]LogShaderCompilers: Display: Using XGE Shader Compiler (Interception Interface).
[2019.05.31-12.50.32:688][  0]LogDerivedDataCache: Display: Max Cache Size: 512 MB
[2019.05.31-12.50.32:744][  0]LogDerivedDataCache: Loaded boot cache 0.06s 71MB C:/Users/User/AppData/Local/UnrealEngine/4.22/DerivedDataCache/Boot.ddc.
[2019.05.31-12.50.32:744][  0]LogDerivedDataCache: Display: Loaded Boot cache: C:/Users/User/AppData/Local/UnrealEngine/4.22/DerivedDataCache/Boot.ddc
[2019.05.31-12.50.32:744][  0]LogDerivedDataCache: FDerivedDataBackendGraph:  Pak pak cache file ../../../../../Game-ReSoul/Disign/Ui/Interface/DerivedDataCache/DDC.ddp not found, will not use a pak cache.
[2019.05.31-12.50.32:744][  0]LogDerivedDataCache: Unable to find inner node Pak for hierarchical cache Hierarchy.
[2019.05.31-12.50.32:744][  0]LogDerivedDataCache: FDerivedDataBackendGraph:  CompressedPak pak cache file ../../../../../Game-ReSoul/Disign/Ui/Interface/DerivedDataCache/Compressed.ddp not found, will not use a pak cache.
[2019.05.31-12.50.32:744][  0]LogDerivedDataCache: Unable to find inner node CompressedPak for hierarchical cache Hierarchy.
[2019.05.31-12.50.32:755][  0]LogDerivedDataCache: Display: Pak cache opened for reading ../../../Engine/DerivedDataCache/Compressed.ddp.
[2019.05.31-12.50.32:755][  0]LogDerivedDataCache: FDerivedDataBackendGraph:  EnterprisePak pak cache file ../../../Enterprise/DerivedDataCache/Compressed.ddp not found, will not use a pak cache.
[2019.05.31-12.50.32:755][  0]LogDerivedDataCache: Unable to find inner node EnterprisePak for hierarchical cache Hierarchy.
[2019.05.31-12.50.32:767][  0]LogDerivedDataCache: Using Local data cache path C:/Users/User/AppData/Local/UnrealEngine/Common/DerivedDataCache: Writable
[2019.05.31-12.50.32:767][  0]LogDerivedDataCache: Shared data cache path not found in *engine.ini, will not use an Shared cache.
[2019.05.31-12.50.32:767][  0]LogDerivedDataCache: Unable to find inner node Shared for hierarchical cache Hierarchy.
[2019.05.31-12.50.32:786][  0]LogMaterial: Verifying Global Shaders for PCD3D_SM5
[2019.05.31-12.50.32:787][  0]LogSlate: Using FreeType 2.6.0
[2019.05.31-12.50.32:787][  0]LogSlate: SlateFontServices - WITH_FREETYPE: 1, WITH_HARFBUZZ: 1
[2019.05.31-12.50.32:860][  0]LogAssetRegistry: FAssetRegistry took 0.0311 seconds to start up
[2019.05.31-12.50.33:132][  0]LogInit: Selected Device Profile: [Windows]
[2019.05.31-12.50.33:237][  0]LogMeshReduction: Using QuadricMeshReduction for automatic static mesh reduction
[2019.05.31-12.50.33:237][  0]LogMeshReduction: Using SimplygonMeshReduction for automatic skeletal mesh reduction
[2019.05.31-12.50.33:237][  0]LogMeshReduction: Using ProxyLODMeshReduction for automatic mesh merging
[2019.05.31-12.50.33:237][  0]LogMeshReduction: No distributed automatic mesh merging module available
[2019.05.31-12.50.33:237][  0]LogMeshMerging: No distributed automatic mesh merging module available
[2019.05.31-12.50.33:251][  0]LogNetVersion: Interface 1.0.0, NetCL: 5660361, EngineNetVer: 10, GameNetVer: 0 (Checksum: 2536455293)
[2019.05.31-12.50.33:609][  0]LogPackageLocalizationCache: Processed 10 localized package path(s) for 1 prioritized culture(s) in 0.035828 seconds
[2019.05.31-12.50.33:617][  0]LogUObjectArray: 42205 objects as part of root set at end of initial load.
[2019.05.31-12.50.33:617][  0]LogUObjectAllocator: 7325032 out of 0 bytes used by permanent object pool.
[2019.05.31-12.50.33:617][  0]LogUObjectArray: CloseDisregardForGC: 0/0 objects in disregard for GC pool
[2019.05.31-12.50.34:271][  0]LogTcpMessaging: Initializing TcpMessaging bridge
[2019.05.31-12.50.34:285][  0]LogUdpMessaging: Initializing bridge on interface 0.0.0.0:0 to multicast group 230.0.0.1:6666.
[2019.05.31-12.50.34:418][  0]SourceControl: Source control is disabled
[2019.05.31-12.50.34:418][  0]SourceControl: Source control is disabled
[2019.05.31-12.50.34:419][  0]SourceControl: Source control is disabled
[2019.05.31-12.50.34:420][  0]SourceControl: Source control is disabled
[2019.05.31-12.50.34:479][  0]LogAndroidPermission: UAndroidPermissionCallbackProxy::GetInstance
[2019.05.31-12.50.34:525][  0]LogOcInput: OculusInput pre-init called
[2019.05.31-12.50.35:130][  0]LogEngine: Initializing Engine...
[2019.05.31-12.50.35:130][  0]LogHMD: Failed to initialize OpenVR with code 110
[2019.05.31-12.50.35:131][  0]LogStats: UGameplayTagsManager::InitializeManager -  0.000 s
[2019.05.31-12.50.35:319][  0]LogInit: Initializing FReadOnlyCVARCache
[2019.05.31-12.50.35:331][  0]LogAIModule: Creating AISystem for world Untitled
[2019.05.31-12.50.35:446][  0]LogInit: XAudio2 using 'Realtek Digital Output (Realtek High Definition Audio)' : 2 channels at 48 kHz using 16 bits per sample (channel mask 0x3)
[2019.05.31-12.50.35:508][  0]LogInit: FAudioDevice initialized.
[2019.05.31-12.50.35:508][  0]LogNetVersion: Set ProjectVersion to 1.0.0.0. Version Checksum will be recalculated on next use.
[2019.05.31-12.50.35:929][  0]LogDerivedDataCache: Saved boot cache 0.42s 71MB C:/Users/User/AppData/Local/UnrealEngine/4.22/DerivedDataCache/Boot.ddc.
[2019.05.31-12.50.35:967][  0]LogInit: Texture streaming: Enabled
[2019.05.31-12.50.35:986][  0]LogEngineSessionManager: EngineSessionManager initialized
[2019.05.31-12.50.36:002][  0]LogInit: Transaction tracking system initialized
[2019.05.31-12.50.36:016][  0]BlueprintLog: New page: Editor Load
[2019.05.31-12.50.36:066][  0]LocalizationService: Localization service is disabled
[2019.05.31-12.50.36:318][  0]LogFileCache: Scanning file cache for directory 'D:/Game-ReSoul/Disign/Ui/Interface/Content/' took 0.01s
[2019.05.31-12.50.36:319][  0]LogCook: Display: Max memory allowance for cook 16384mb min free memory 0mb
[2019.05.31-12.50.36:319][  0]LogCook: Display: Mobile HDR setting 1
[2019.05.31-12.50.36:452][  0]SourceControl: Source control is disabled
[2019.05.31-12.50.36:452][  0]Cmd: MAP LOAD FILE="../../../Engine/Content/Maps/Templates/Template_Default.umap" TEMPLATE=1 SHOWPROGRESS=1 FEATURELEVEL=3
[2019.05.31-12.50.36:452][  0]LightingResults: New page: Lighting Build
[2019.05.31-12.50.36:454][  0]MapCheck: New page: Map Check
[2019.05.31-12.50.36:454][  0]LightingResults: New page: Lighting Build
[2019.05.31-12.50.36:475][  0]LogUObjectHash: Compacting FUObjectHashTables data took   1.42ms
[2019.05.31-12.50.36:540][  0]LogAIModule: Creating AISystem for world Untitled_1
[2019.05.31-12.50.36:546][  0]LogEditorServer: Finished looking for orphan Actors (0.000 secs)
[2019.05.31-12.50.36:568][  0]LogUObjectHash: Compacting FUObjectHashTables data took   1.67ms
[2019.05.31-12.50.36:568][  0]Cmd: MAP CHECKDEP NOCLEARLOG
[2019.05.31-12.50.36:568][  0]MapCheck: Map check complete: 0 Error(s), 0 Warning(s), took 0,094ms to complete.
[2019.05.31-12.50.36:568][  0]LogFileHelpers: Loading map 'Template_Default' took 0.116
[2019.05.31-12.50.36:704][  0]LogSlate: Updating window title bar state: overlay mode, drag disabled, window buttons hidden, title bar hidden
[2019.05.31-12.50.36:710][  0]LogSlate: Updating window title bar state: overlay mode, drag disabled, window buttons hidden, title bar hidden
[2019.05.31-12.50.36:717][  0]LogSlate: Updating window title bar state: overlay mode, drag disabled, window buttons hidden, title bar hidden
[2019.05.31-12.50.36:725][  0]LogSlate: Updating window title bar state: overlay mode, drag disabled, window buttons hidden, title bar hidden
[2019.05.31-12.50.36:728][  0]LogCollectionManager: Loaded 0 collections in 0.000688 seconds
[2019.05.31-12.50.36:758][  0]LogFileCache: Scanning file cache for directory 'D:/Game-ReSoul/Disign/Ui/Interface/Saved/Collections/' took 0.01s
[2019.05.31-12.50.36:758][  0]LogFileCache: Scanning file cache for directory 'D:/Game-ReSoul/Disign/Ui/Interface/Content/Developers/User/Collections/' took 0.01s
[2019.05.31-12.50.36:758][  0]LogFileCache: Scanning file cache for directory 'D:/Game-ReSoul/Disign/Ui/Interface/Content/Collections/' took 0.00s
[2019.05.31-12.50.36:758][  0]LogCollectionManager: Rebuilt the GUID cache for 0 collections in 0.000000 seconds
[2019.05.31-12.50.36:766][  0]LogContentBrowser: Native class hierarchy populated in 0.0079 seconds. Added 2732 classes and 659 folders.
[2019.05.31-12.50.36:771][  0]LogContentBrowser: Native class hierarchy updated for 'WidgetCarousel' in 0.0002 seconds. Added 0 classes and 0 folders.
[2019.05.31-12.50.36:772][  0]LogPakFile: Registered encryption key '00000000000000000000000000000000': 0 pak files mounted, 0 remain pending
[2019.05.31-12.50.36:773][  0]LogPakFile: Registered encryption key '00000000000000000000000000000000': 0 pak files mounted, 0 remain pending
[2019.05.31-12.50.36:773][  0]LogPakFile: Registered encryption key '00000000000000000000000000000000': 0 pak files mounted, 0 remain pending
[2019.05.31-12.50.36:774][  0]LogPakFile: Registered encryption key '00000000000000000000000000000000': 0 pak files mounted, 0 remain pending
[2019.05.31-12.50.36:774][  0]LogPakFile: Registered encryption key '00000000000000000000000000000000': 0 pak files mounted, 0 remain pending
[2019.05.31-12.50.36:774][  0]LogPakFile: Registered encryption key '00000000000000000000000000000000': 0 pak files mounted, 0 remain pending
[2019.05.31-12.50.36:775][  0]LogPakFile: Registered encryption key '00000000000000000000000000000000': 0 pak files mounted, 0 remain pending
[2019.05.31-12.50.36:775][  0]LogPakFile: Registered encryption key '00000000000000000000000000000000': 0 pak files mounted, 0 remain pending
[2019.05.31-12.50.36:776][  0]LogPakFile: Registered encryption key '00000000000000000000000000000000': 0 pak files mounted, 0 remain pending
[2019.05.31-12.50.36:776][  0]LogPakFile: Registered encryption key '00000000000000000000000000000000': 0 pak files mounted, 0 remain pending
[2019.05.31-12.50.36:776][  0]LogPakFile: Registered encryption key '00000000000000000000000000000000': 0 pak files mounted, 0 remain pending
[2019.05.31-12.50.36:777][  0]LogPakFile: Registered encryption key '00000000000000000000000000000000': 0 pak files mounted, 0 remain pending
[2019.05.31-12.50.36:777][  0]LogPakFile: Registered encryption key '00000000000000000000000000000000': 0 pak files mounted, 0 remain pending
[2019.05.31-12.50.36:778][  0]LogPakFile: Registered encryption key '00000000000000000000000000000000': 0 pak files mounted, 0 remain pending
[2019.05.31-12.50.36:778][  0]LogPakFile: Registered encryption key '00000000000000000000000000000000': 0 pak files mounted, 0 remain pending
[2019.05.31-12.50.36:778][  0]LogPakFile: Registered encryption key '00000000000000000000000000000000': 0 pak files mounted, 0 remain pending
[2019.05.31-12.50.36:779][  0]LogPakFile: Registered encryption key '00000000000000000000000000000000': 0 pak files mounted, 0 remain pending
[2019.05.31-12.50.36:779][  0]LogPakFile: Registered encryption key '00000000000000000000000000000000': 0 pak files mounted, 0 remain pending
[2019.05.31-12.50.36:780][  0]LogPakFile: Registered encryption key '00000000000000000000000000000000': 0 pak files mounted, 0 remain pending
[2019.05.31-12.50.36:780][  0]LogPakFile: Registered encryption key '00000000000000000000000000000000': 0 pak files mounted, 0 remain pending
[2019.05.31-12.50.36:780][  0]LogPakFile: Registered encryption key '00000000000000000000000000000000': 0 pak files mounted, 0 remain pending
[2019.05.31-12.50.36:781][  0]LogPakFile: Registered encryption key '00000000000000000000000000000000': 0 pak files mounted, 0 remain pending
[2019.05.31-12.50.36:781][  0]LogPakFile: Registered encryption key '00000000000000000000000000000000': 0 pak files mounted, 0 remain pending
[2019.05.31-12.50.36:782][  0]LogPakFile: Registered encryption key '00000000000000000000000000000000': 0 pak files mounted, 0 remain pending
[2019.05.31-12.50.36:782][  0]LogPakFile: Registered encryption key '00000000000000000000000000000000': 0 pak files mounted, 0 remain pending
[2019.05.31-12.50.36:783][  0]LogPakFile: Registered encryption key '00000000000000000000000000000000': 0 pak files mounted, 0 remain pending
[2019.05.31-12.50.36:803][  0]LogContentBrowser: Native class hierarchy updated for 'AddContentDialog' in 0.0002 seconds. Added 0 classes and 0 folders.
[2019.05.31-12.50.36:807][  0]LogContentBrowser: Native class hierarchy updated for 'SceneOutliner' in 0.0002 seconds. Added 1 classes and 2 folders.
[2019.05.31-12.50.36:818][  0]LogSlate: Took 0.000157 seconds to synchronously load lazily loaded font '../../../Engine/Content/Slate/Fonts/Roboto-Regular.ttf' (155K)
[2019.05.31-12.50.36:820][  0]LogSlate: Took 0.000219 seconds to synchronously load lazily loaded font '../../../Engine/Content/Slate/Fonts/Roboto-Bold.ttf' (160K)
[2019.05.31-12.50.36:828][  0]LogSlate: Took 0.000174 seconds to synchronously load lazily loaded font '../../../Engine/Content/Editor/Slate/Fonts/FontAwesome.ttf' (139K)
[2019.05.31-12.50.36:887][  0]LogRenderer: Reallocating scene render targets to support 1664x872 Format 10 NumSamples 1 (Frame:1).
[2019.05.31-12.50.37:336][  0]LogContentBrowser: Native class hierarchy updated for 'HierarchicalLODOutliner' in 0.0003 seconds. Added 0 classes and 0 folders.
[2019.05.31-12.50.37:336][  0]LogLoad: (Engine Initialization) Total time: 8.76 seconds
[2019.05.31-12.50.37:336][  0]LogLoad: (Engine Initialization) Total Blueprint compile time: 0.00 seconds
[2019.05.31-12.50.37:346][  0]LogWindowsTextInputMethodSystem: Display: IME system now deactivated.
[2019.05.31-12.50.37:382][  0]LogAssetRegistry: Asset discovery search completed in 4.5438 seconds
[2019.05.31-12.50.37:385][  0]LogCollectionManager: Rebuilt the object cache for 0 collections in 0.000000 seconds (found 0 objects)
[2019.05.31-12.50.37:385][  0]LogCollectionManager: Fixed up redirectors for 0 collections in 0.000055 seconds (updated 0 objects)
[2019.05.31-12.50.37:386][  0]LogContentStreaming: Texture pool size now 1000 MB
[2019.05.31-12.50.37:400][  1]LogFileCache: Retrieving MD5 hashes for directory 'D:/Game-ReSoul/Disign/Ui/Interface/Content/' took 0.04s
[2019.05.31-12.50.40:461][ 35]LogSlate: Took 0.000413 seconds to synchronously load lazily loaded font '../../../Engine/Content/Slate/Fonts/Roboto-Light.ttf' (167K)
[2019.05.31-12.50.42:371][138]LogSlate: FSceneViewport::OnFocusLost() reason 0
[2019.05.31-12.50.42:587][140]LogSlate: Took 0.000567 seconds to synchronously load lazily loaded font '../../../Engine/Content/Slate/Fonts/Roboto-Light.ttf' (167K)
[2019.05.31-12.50.49:882][300]LogSlate: Window 'Pick Parent Class' being destroyed
[2019.05.31-12.50.57:158][437]LogAssetEditorManager: Opening Asset editor for Blueprint /Game/Bomb.Bomb
[2019.05.31-12.50.57:433][437]LogContentBrowser: Native class hierarchy updated for 'BlueprintGraph' in 0.0005 seconds. Added 121 classes and 0 folders.
[2019.05.31-12.50.58:394][437]LogRenderer: Reallocating scene render targets to support 1664x900 Format 10 NumSamples 1 (Frame:1).
[2019.05.31-12.51.03:741][489]LogSlate: Took 0.018404 seconds to synchronously load lazily loaded font '../../../Engine/Content/Slate/Fonts/Roboto-Italic.ttf' (157K)
[2019.05.31-12.51.37:483][ 67]LogSlate: Window 'Content Browser' being destroyed
[2019.05.31-12.51.37:506][ 67]LogSlate: Window 'Content Browser' being destroyed
[2019.05.31-12.51.45:842][134]LogAssetEditorManager: Opening Asset editor for Material /Engine/BasicShapes/BasicShapeMaterial.BasicShapeMaterial
[2019.05.31-12.51.45:868][134]LogMaterial: Display: Missing cached shader map for material BasicShapeMaterial, compiling. 
[2019.05.31-12.51.46:615][134]LogMaterial: Display: Missing cached shader map for material BasicShapeMaterial, compiling. 
[2019.05.31-12.51.46:661][134]LogMaterial: Display: Missing cached shader map for material FMatExpressionPreview MaterialExpressionVectorParameter_0, compiling. 
[2019.05.31-12.51.46:691][134]LogSlate: Took 0.000235 seconds to synchronously load lazily loaded font '../../../Engine/Content/Slate/Fonts/Roboto-BoldCondensed.ttf' (158K)
[2019.05.31-12.51.57:970][278]LogMaterial: Display: Missing cached shader map for material FMatExpressionPreview MaterialExpressionVectorParameter_0, compiling. 
[2019.05.31-12.51.58:001][278]LogMaterial: Display: Missing cached shader map for material BasicShapeMaterial, compiling. 
[2019.05.31-12.51.58:550][297]LogMaterial: Display: Missing cached shader map for material FMatExpressionPreview MaterialExpressionVectorParameter_0, compiling. 
[2019.05.31-12.51.58:584][297]LogMaterial: Display: Missing cached shader map for material BasicShapeMaterial, compiling. 
[2019.05.31-12.51.58:626][297]LogMaterial: Display: Missing cached shader map for material BasicShapeMaterial, compiling. 
[2019.05.31-12.51.58:682][297]LogMaterial: Display: Missing cached shader map for material FMatExpressionPreview MaterialExpressionVectorParameter_0, compiling. 
[2019.05.31-12.51.58:692][297]LogMaterial: Display: Missing cached shader map for material BasicShapeMaterial, compiling. 
[2019.05.31-12.51.59:158][302]LogMaterial: Display: Missing cached shader map for material FMatExpressionPreview MaterialExpressionVectorParameter_0, compiling. 
[2019.05.31-12.51.59:188][302]LogMaterial: Display: Missing cached shader map for material BasicShapeMaterial, compiling. 
[2019.05.31-12.51.59:218][302]LogMaterial: Display: Missing cached shader map for material FMatExpressionPreview MaterialExpressionVectorParameter_0, compiling. 
[2019.05.31-12.51.59:248][302]LogMaterial: Display: Missing cached shader map for material BasicShapeMaterial, compiling. 
[2019.05.31-12.51.59:270][302]LogSlate: Window 'Color Picker' being destroyed
[2019.05.31-12.52.14:582][481]LogSlate: Window 'Message' being destroyed
[2019.05.31-12.52.14:994][481]LogMaterial: Display: Missing cached shader map for material BasicShapeMaterial, compiling. 
[2019.05.31-12.52.15:080][481]LogMaterial: Display: Missing cached shader map for material BasicShapeMaterial, compiling. 
[2019.05.31-12.52.15:120][481]LogMaterial: Display: Missing cached shader map for material BasicShapeMaterial, compiling. 
[2019.05.31-12.52.15:197][481]LogUObjectHash: Compacting FUObjectHashTables data took   4.71ms
[2019.05.31-12.52.15:207][481]LogMaterial: Display: Missing cached shader map for material DebugViewMode MaterialTexCoordScale, compiling. 
[2019.05.31-12.53.24:891][481]TextureStreamingBuild: Display: Compiling optional shaders took 69.695 seconds.
[2019.05.31-12.53.24:954][481]LogUObjectHash: Compacting FUObjectHashTables data took   0.85ms
[2019.05.31-12.53.25:127][482]LogHttp: Warning: 0000021EAF776FC0: request failed, libcurl error: 7 (Couldn't connect to server)
[2019.05.31-12.53.25:127][482]LogHttp: Warning: 0000021EAF776FC0: libcurl info message cache 0 (  Trying 34.230.183.16...)
[2019.05.31-12.53.25:127][482]LogHttp: Warning: 0000021EAF776FC0: libcurl info message cache 1 (TCP_NODELAY set)
[2019.05.31-12.53.25:127][482]LogHttp: Warning: 0000021EAF776FC0: libcurl info message cache 2 (connect to 34.230.183.16 port 443 failed: Timed out)
[2019.05.31-12.53.25:127][482]LogHttp: Warning: 0000021EAF776FC0: libcurl info message cache 3 (  Trying 52.4.127.66...)
[2019.05.31-12.53.25:127][482]LogHttp: Warning: 0000021EAF776FC0: libcurl info message cache 4 (TCP_NODELAY set)
[2019.05.31-12.53.25:127][482]LogHttp: Warning: 0000021EAF776FC0: libcurl info message cache 5 (After 19492ms connect time, move on!)
[2019.05.31-12.53.25:127][482]LogHttp: Warning: 0000021EAF776FC0: libcurl info message cache 6 (connect to 52.4.127.66 port 443 failed: Timed out)
[2019.05.31-12.53.25:127][482]LogHttp: Warning: 0000021EAF776FC0: libcurl info message cache 7 (  Trying 52.6.198.225...)
[2019.05.31-12.53.25:127][482]LogHttp: Warning: 0000021EAF776FC0: libcurl info message cache 8 (TCP_NODELAY set)
[2019.05.31-12.53.25:127][482]LogHttp: Warning: 0000021EAF776FC0: libcurl info message cache 9 (After 9742ms connect time, move on!)
[2019.05.31-12.53.25:127][482]LogHttp: Warning: 0000021EAF776FC0: libcurl info message cache 10 (connect to 52.6.198.225 port 443 failed: Timed out)
[2019.05.31-12.53.25:127][482]LogHttp: Warning: 0000021EAF776FC0: libcurl info message cache 11 (  Trying 52.22.81.26...)
[2019.05.31-12.53.25:127][482]LogHttp: Warning: 0000021EAF776FC0: libcurl info message cache 12 (TCP_NODELAY set)
[2019.05.31-12.53.25:127][482]LogHttp: Warning: 0000021EAF776FC0: libcurl info message cache 13 (After 4867ms connect time, move on!)
[2019.05.31-12.53.25:127][482]LogHttp: Warning: 0000021EAF776FC0: libcurl info message cache 14 (connect to 52.22.81.26 port 443 failed: Timed out)
[2019.05.31-12.53.25:127][482]LogHttp: Warning: 0000021EAF776FC0: libcurl info message cache 15 (  Trying 52.54.45.143...)
[2019.05.31-12.53.25:127][482]LogHttp: Warning: 0000021EAF776FC0: libcurl info message cache 16 (TCP_NODELAY set)
[2019.05.31-12.53.25:127][482]LogHttp: Warning: 0000021EAF776FC0: libcurl info message cache 17 (After 2430ms connect time, move on!)
[2019.05.31-12.53.25:127][482]LogHttp: Warning: 0000021EAF776FC0: libcurl info message cache 18 (connect to 52.54.45.143 port 443 failed: Timed out)
[2019.05.31-12.53.25:127][482]LogHttp: Warning: 0000021EAF776FC0: libcurl info message cache 19 (  Trying 52.87.18.159...)
[2019.05.31-12.53.25:127][482]LogHttp: Warning: 0000021EAF776FC0: libcurl info message cache 20 (TCP_NODELAY set)
[2019.05.31-12.53.25:127][482]LogHttp: Warning: 0000021EAF776FC0: libcurl info message cache 21 (After 1211ms connect time, move on!)
[2019.05.31-12.53.25:127][482]LogHttp: Warning: 0000021EAF776FC0: libcurl info message cache 22 (connect to 52.87.18.159 port 443 failed: Timed out)
[2019.05.31-12.53.25:127][482]LogHttp: Warning: 0000021EAF776FC0: libcurl info message cache 23 (  Trying 52.200.123.101...)
[2019.05.31-12.53.25:127][482]LogHttp: Warning: 0000021EAF776FC0: libcurl info message cache 24 (TCP_NODELAY set)
[2019.05.31-12.53.25:127][482]LogHttp: Warning: 0000021EAF776FC0: libcurl info message cache 25 (After 601ms connect time, move on!)
[2019.05.31-12.53.25:127][482]LogHttp: Warning: 0000021EAF776FC0: libcurl info message cache 26 (connect to 52.200.123.101 port 443 failed: Timed out)
[2019.05.31-12.53.25:127][482]LogHttp: Warning: 0000021EAF776FC0: libcurl info message cache 27 (  Trying 34.194.135.124...)
[2019.05.31-12.53.25:127][482]LogHttp: Warning: 0000021EAF776FC0: libcurl info message cache 28 (TCP_NODELAY set)
[2019.05.31-12.53.25:127][482]LogHttp: Warning: 0000021EAF776FC0: libcurl info message cache 29 (After 297ms connect time, move on!)
[2019.05.31-12.53.25:127][482]LogHttp: Warning: 0000021EAF776FC0: libcurl info message cache 30 (connect to 34.194.135.124 port 443 failed: Timed out)
[2019.05.31-12.53.25:127][482]LogHttp: Warning: 0000021EAF776FC0: libcurl info message cache 31 (Failed to connect to datarouter.ol.epicgames.com port 443: Timed out)
[2019.05.31-12.53.25:127][482]LogHttp: Warning: 0000021EAF776FC0: libcurl info message cache 32 (Closing connection 0)
[2019.05.31-12.53.25:127][482]LogHttp: Warning: Retry exhausted on https://datarouter.ol.epicgames.com/datarouter/api/v1/public/data?SessionID=%7B23C60A1A-4FBC-CAA5-5874-EA8DD0B82D9C%7D&AppID=UEEditor.Rocket.Release&AppVersion=4.22.1-6063286%2B%2B%2BUE4%2BRelease-4.22&UserID=59a4c296403d385e74d21abb86caf988%7Ca442e1c27f12418491cfad545b8fd0d5%7C9c893d2a-f566-41ff-baee-8913781999c3&AppEnvironment=datacollector-binary&UploadType=eteventstream
[2019.05.31-12.53.37:521][519]LogUnrealEdMisc: Warning: Heartbeat event firing too frequently (12.386 sec). This should never happen. Something is wrong with the timer delegate!
[2019.05.31-12.54.05:093][659]LogSlate: FSceneViewport::OnFocusLost() reason 2
[2019.05.31-12.54.08:519][852]LogSlate: FSceneViewport::OnFocusLost() reason 2
[2019.05.31-12.54.12:728][893]LogSlate: FSceneViewport::OnFocusLost() reason 0
[2019.05.31-12.54.25:686][ 52]LogSlate: FSceneViewport::OnFocusLost() reason 0
[2019.05.31-12.54.45:619][244]LogSlate: FSceneViewport::OnFocusLost() reason 0
[2019.05.31-12.54.58:609][383]LogSlate: FSceneViewport::OnFocusLost() reason 0
[2019.05.31-12.55.05:945][549]LogSlate: FSceneViewport::OnFocusLost() reason 0
[2019.05.31-12.55.13:052][669]LogSlate: FSceneViewport::OnFocusLost() reason 0
[2019.05.31-12.55.24:077][822]LogSlate: FSceneViewport::OnFocusLost() reason 2
[2019.05.31-12.55.50:807][380]LogSlate: FSceneViewport::OnFocusLost() reason 2
[2019.05.31-12.56.14:089][602]LogSlate: FSceneViewport::OnFocusLost() reason 0
[2019.05.31-12.56.24:918][748]LogHttp: Warning: 0000021ED31FC7C0: request failed, libcurl error: 7 (Couldn't connect to server)
[2019.05.31-12.56.24:918][748]LogHttp: Warning: 0000021ED31FC7C0: libcurl info message cache 0 (  Trying 54.86.198.44...)
[2019.05.31-12.56.24:918][748]LogHttp: Warning: 0000021ED31FC7C0: libcurl info message cache 1 (TCP_NODELAY set)
[2019.05.31-12.56.24:918][748]LogHttp: Warning: 0000021ED31FC7C0: libcurl info message cache 2 (connect to 54.86.198.44 port 443 failed: Timed out)
[2019.05.31-12.56.24:918][748]LogHttp: Warning: 0000021ED31FC7C0: libcurl info message cache 3 (  Trying 54.226.43.72...)
[2019.05.31-12.56.24:918][748]LogHttp: Warning: 0000021ED31FC7C0: libcurl info message cache 4 (TCP_NODELAY set)
[2019.05.31-12.56.24:918][748]LogHttp: Warning: 0000021ED31FC7C0: libcurl info message cache 5 (After 19500ms connect time, move on!)
[2019.05.31-12.56.24:918][748]LogHttp: Warning: 0000021ED31FC7C0: libcurl info message cache 6 (connect to 54.226.43.72 port 443 failed: Timed out)
[2019.05.31-12.56.24:919][748]LogHttp: Warning: 0000021ED31FC7C0: libcurl info message cache 7 (  Trying 18.235.38.48...)
[2019.05.31-12.56.24:919][748]LogHttp: Warning: 0000021ED31FC7C0: libcurl info message cache 8 (TCP_NODELAY set)
[2019.05.31-12.56.24:919][748]LogHttp: Warning: 0000021ED31FC7C0: libcurl info message cache 9 (After 9750ms connect time, move on!)
[2019.05.31-12.56.24:919][748]LogHttp: Warning: 0000021ED31FC7C0: libcurl info message cache 10 (connect to 18.235.38.48 port 443 failed: Timed out)
[2019.05.31-12.56.24:919][748]LogHttp: Warning: 0000021ED31FC7C0: libcurl info message cache 11 (  Trying 34.200.58.248...)
[2019.05.31-12.56.24:919][748]LogHttp: Warning: 0000021ED31FC7C0: libcurl info message cache 12 (TCP_NODELAY set)
[2019.05.31-12.56.24:919][748]LogHttp: Warning: 0000021ED31FC7C0: libcurl info message cache 13 (After 4875ms connect time, move on!)
[2019.05.31-12.56.24:919][748]LogHttp: Warning: 0000021ED31FC7C0: libcurl info message cache 14 (connect to 34.200.58.248 port 443 failed: Timed out)
[2019.05.31-12.56.24:919][748]LogHttp: Warning: 0000021ED31FC7C0: libcurl info message cache 15 (  Trying 34.203.71.255...)
[2019.05.31-12.56.24:919][748]LogHttp: Warning: 0000021ED31FC7C0: libcurl info message cache 16 (TCP_NODELAY set)
[2019.05.31-12.56.24:919][748]LogHttp: Warning: 0000021ED31FC7C0: libcurl info message cache 17 (After 2437ms connect time, move on!)
[2019.05.31-12.56.24:919][748]LogHttp: Warning: 0000021ED31FC7C0: libcurl info message cache 18 (connect to 34.203.71.255 port 443 failed: Timed out)
[2019.05.31-12.56.24:919][748]LogHttp: Warning: 0000021ED31FC7C0: libcurl info message cache 19 (  Trying 34.206.165.152...)
[2019.05.31-12.56.24:919][748]LogHttp: Warning: 0000021ED31FC7C0: libcurl info message cache 20 (TCP_NODELAY set)
[2019.05.31-12.56.24:919][748]LogHttp: Warning: 0000021ED31FC7C0: libcurl info message cache 21 (After 1218ms connect time, move on!)
[2019.05.31-12.56.24:919][748]LogHttp: Warning: 0000021ED31FC7C0: libcurl info message cache 22 (connect to 34.206.165.152 port 443 failed: Timed out)
[2019.05.31-12.56.24:920][748]LogHttp: Warning: 0000021ED31FC7C0: libcurl info message cache 23 (  Trying 52.5.92.97...)
[2019.05.31-12.56.24:920][748]LogHttp: Warning: 0000021ED31FC7C0: libcurl info message cache 24 (TCP_NODELAY set)
[2019.05.31-12.56.24:920][748]LogHttp: Warning: 0000021ED31FC7C0: libcurl info message cache 25 (After 609ms connect time, move on!)
[2019.05.31-12.56.24:920][748]LogHttp: Warning: 0000021ED31FC7C0: libcurl info message cache 26 (connect to 52.5.92.97 port 443 failed: Timed out)
[2019.05.31-12.56.24:920][748]LogHttp: Warning: 0000021ED31FC7C0: libcurl info message cache 27 (  Trying 54.84.45.42...)
[2019.05.31-12.56.24:920][748]LogHttp: Warning: 0000021ED31FC7C0: libcurl info message cache 28 (TCP_NODELAY set)
[2019.05.31-12.56.24:920][748]LogHttp: Warning: 0000021ED31FC7C0: libcurl info message cache 29 (After 304ms connect time, move on!)
[2019.05.31-12.56.24:920][748]LogHttp: Warning: 0000021ED31FC7C0: libcurl info message cache 30 (connect to 54.84.45.42 port 443 failed: Timed out)
[2019.05.31-12.56.24:921][748]LogHttp: Warning: 0000021ED31FC7C0: libcurl info message cache 31 (Failed to connect to datarouter.ol.epicgames.com port 443: Timed out)
[2019.05.31-12.56.24:921][748]LogHttp: Warning: 0000021ED31FC7C0: libcurl info message cache 32 (Closing connection 1)
[2019.05.31-12.56.24:921][748]LogHttp: Warning: Retry exhausted on https://datarouter.ol.epicgames.com/datarouter/api/v1/public/data?SessionID=%7B23C60A1A-4FBC-CAA5-5874-EA8DD0B82D9C%7D&AppID=UEEditor.Rocket.Release&AppVersion=4.22.1-6063286%2B%2B%2BUE4%2BRelease-4.22&UserID=59a4c296403d385e74d21abb86caf988%7Ca442e1c27f12418491cfad545b8fd0d5%7C9c893d2a-f566-41ff-baee-8913781999c3&AppEnvironment=datacollector-binary&UploadType=eteventstream
[2019.05.31-12.56.26:595][762]LogSlate: FSceneViewport::OnFocusLost() reason 2
[2019.05.31-12.56.30:705][ 13]LogSlate: FSceneViewport::OnFocusLost() reason 2
[2019.05.31-12.56.45:260][145]LogSlate: FSceneViewport::OnFocusLost() reason 0
[2019.05.31-12.56.51:810][208]LogSlate: FSceneViewport::OnFocusLost() reason 0
[2019.05.31-12.57.02:893][341]LogSlate: FSceneViewport::OnFocusLost() reason 2
[2019.05.31-12.57.06:067][519]LogSlate: FSceneViewport::OnFocusLost() reason 2
[2019.05.31-12.57.09:942][557]LogSlate: FSceneViewport::OnFocusLost() reason 0
[2019.05.31-12.57.24:169][683]LogSlate: FSceneViewport::OnFocusLost() reason 2
[2019.05.31-12.57.34:850][790]LogSlate: FSceneViewport::OnFocusLost() reason 0
[2019.05.31-12.57.34:874][791]BlueprintLog: New page: Compile Bomb
[2019.05.31-12.57.35:065][791]LogUObjectHash: Compacting FUObjectHashTables data took   2.44ms
[2019.05.31-12.57.40:807][878]LogSlate: FSceneViewport::OnFocusLost() reason 0
[2019.05.31-12.57.44:817][  1]LogSlate: FSceneViewport::OnFocusLost() reason 2
[2019.05.31-12.57.54:630][239]LogSlate: Window 'Save Asset As' being destroyed
[2019.05.31-12.58.11:785][524]LogSlate: Window 'Content Browser 2' being destroyed
[2019.05.31-12.58.22:585][707]LogMaterial: Display: Missing cached shader map for material BasicShapeMaterial1, compiling. 
[2019.05.31-12.58.44:068][421]LogWindowsTextInputMethodSystem: Display: IME system now deactivated.
[2019.05.31-12.58.44:068][421]LogWindowsTextInputMethodSystem: Display: IME system now deactivated.
[2019.05.31-12.58.51:518][495]LogAssetEditorManager: Opening Asset editor for Material /Engine/BasicShapes/BasicShapeMaterial1.BasicShapeMaterial1
[2019.05.31-12.58.51:523][495]LogMaterial: Display: Missing cached shader map for material BasicShapeMaterial1, compiling. 
[2019.05.31-12.58.51:711][495]LogMaterial: Display: Missing cached shader map for material BasicShapeMaterial1, compiling. 
[2019.05.31-12.58.51:731][495]LogMaterial: Display: Missing cached shader map for material BasicShapeMaterial1, compiling. 
[2019.05.31-12.58.51:781][495]LogMaterial: Display: Missing cached shader map for material FMatExpressionPreview MaterialExpressionVectorParameter_0, compiling. 
[2019.05.31-12.58.57:109][550]LogMaterial: Display: Missing cached shader map for material FMatExpressionPreview MaterialExpressionVectorParameter_0, compiling. 
[2019.05.31-12.58.57:137][550]LogMaterial: Display: Missing cached shader map for material BasicShapeMaterial1, compiling. 
[2019.05.31-12.58.57:650][568]LogMaterial: Display: Missing cached shader map for material FMatExpressionPreview MaterialExpressionVectorParameter_0, compiling. 
[2019.05.31-12.58.57:681][568]LogMaterial: Display: Missing cached shader map for material BasicShapeMaterial1, compiling. 
[2019.05.31-12.58.57:708][568]LogMaterial: Display: Missing cached shader map for material BasicShapeMaterial1, compiling. 
[2019.05.31-12.58.57:757][568]LogMaterial: Display: Missing cached shader map for material FMatExpressionPreview MaterialExpressionVectorParameter_0, compiling. 
[2019.05.31-12.58.57:766][568]LogMaterial: Display: Missing cached shader map for material BasicShapeMaterial1, compiling. 
[2019.05.31-12.58.57:994][571]LogMaterial: Display: Missing cached shader map for material FMatExpressionPreview MaterialExpressionVectorParameter_0, compiling. 
[2019.05.31-12.58.58:047][571]LogMaterial: Display: Missing cached shader map for material BasicShapeMaterial1, compiling. 
[2019.05.31-12.58.58:662][593]LogMaterial: Display: Missing cached shader map for material FMatExpressionPreview MaterialExpressionVectorParameter_0, compiling. 
[2019.05.31-12.58.58:692][593]LogMaterial: Display: Missing cached shader map for material BasicShapeMaterial1, compiling. 
[2019.05.31-12.58.58:721][593]LogMaterial: Display: Missing cached shader map for material BasicShapeMaterial1, compiling. 
[2019.05.31-12.58.58:767][593]LogMaterial: Display: Missing cached shader map for material FMatExpressionPreview MaterialExpressionVectorParameter_0, compiling. 
[2019.05.31-12.58.58:775][593]LogMaterial: Display: Missing cached shader map for material BasicShapeMaterial1, compiling. 
[2019.05.31-12.58.59:231][607]LogMaterial: Display: Missing cached shader map for material FMatExpressionPreview MaterialExpressionVectorParameter_0, compiling. 
[2019.05.31-12.58.59:264][607]LogMaterial: Display: Missing cached shader map for material BasicShapeMaterial1, compiling. 
[2019.05.31-12.58.59:410][609]LogMaterial: Display: Missing cached shader map for material FMatExpressionPreview MaterialExpressionVectorParameter_0, compiling. 
[2019.05.31-12.58.59:438][609]LogMaterial: Display: Missing cached shader map for material BasicShapeMaterial1, compiling. 
[2019.05.31-12.58.59:851][623]LogMaterial: Display: Missing cached shader map for material FMatExpressionPreview MaterialExpressionVectorParameter_0, compiling. 
[2019.05.31-12.58.59:882][623]LogMaterial: Display: Missing cached shader map for material BasicShapeMaterial1, compiling. 
[2019.05.31-12.58.59:906][623]LogMaterial: Display: Missing cached shader map for material BasicShapeMaterial1, compiling. 
[2019.05.31-12.58.59:960][623]LogMaterial: Display: Missing cached shader map for material FMatExpressionPreview MaterialExpressionVectorParameter_0, compiling. 
[2019.05.31-12.58.59:968][623]LogMaterial: Display: Missing cached shader map for material BasicShapeMaterial1, compiling. 
[2019.05.31-12.59.00:800][632]LogMaterial: Display: Missing cached shader map for material FMatExpressionPreview MaterialExpressionVectorParameter_0, compiling. 
[2019.05.31-12.59.00:832][632]LogMaterial: Display: Missing cached shader map for material BasicShapeMaterial1, compiling. 
[2019.05.31-12.59.00:864][632]LogMaterial: Display: Missing cached shader map for material FMatExpressionPreview MaterialExpressionVectorParameter_0, compiling. 
[2019.05.31-12.59.00:894][632]LogMaterial: Display: Missing cached shader map for material BasicShapeMaterial1, compiling. 
[2019.05.31-12.59.00:917][632]LogSlate: Window 'Color Picker' being destroyed
[2019.05.31-12.59.05:751][670]LogSlate: Window 'Message' being destroyed
[2019.05.31-12.59.06:172][670]LogMaterial: Display: Missing cached shader map for material BasicShapeMaterial1, compiling. 
[2019.05.31-12.59.06:249][670]LogMaterial: Display: Missing cached shader map for material BasicShapeMaterial1, compiling. 
[2019.05.31-12.59.06:292][670]LogMaterial: Display: Missing cached shader map for material BasicShapeMaterial1, compiling. 
[2019.05.31-12.59.06:367][670]LogUObjectHash: Compacting FUObjectHashTables data took   4.19ms
[2019.05.31-12.59.06:377][670]LogMaterial: Display: Missing cached shader map for material DebugViewMode MaterialTexCoordScale, compiling. 
[2019.05.31-13.00.58:616][670]LogWindowsTextInputMethodSystem: Display: IME system now deactivated.
[2019.05.31-13.00.58:617][670]LogWindowsTextInputMethodSystem: Display: IME system now deactivated.
[2019.05.31-13.00.58:640][670]TextureStreamingBuild: Display: Compiling optional shaders took 112.273 seconds.
[2019.05.31-13.00.58:686][670]LogUObjectHash: Compacting FUObjectHashTables data took   0.90ms
[2019.05.31-13.00.58:818][671]LogHttp: Warning: 0000021EC2E01080: request failed, libcurl error: 7 (Couldn't connect to server)
[2019.05.31-13.00.58:818][671]LogHttp: Warning: 0000021EC2E01080: libcurl info message cache 0 (Hostname in DNS cache was stale, zapped)
[2019.05.31-13.00.58:818][671]LogHttp: Warning: 0000021EC2E01080: libcurl info message cache 1 (  Trying 34.235.38.192...)
[2019.05.31-13.00.58:818][671]LogHttp: Warning: 0000021EC2E01080: libcurl info message cache 2 (TCP_NODELAY set)
[2019.05.31-13.00.58:818][671]LogHttp: Warning: 0000021EC2E01080: libcurl info message cache 3 (connect to 34.235.38.192 port 443 failed: Timed out)
[2019.05.31-13.00.58:818][671]LogHttp: Warning: 0000021EC2E01080: libcurl info message cache 4 (  Trying 52.1.48.131...)
[2019.05.31-13.00.58:818][671]LogHttp: Warning: 0000021EC2E01080: libcurl info message cache 5 (TCP_NODELAY set)
[2019.05.31-13.00.58:818][671]LogHttp: Warning: 0000021EC2E01080: libcurl info message cache 6 (After 19484ms connect time, move on!)
[2019.05.31-13.00.58:818][671]LogHttp: Warning: 0000021EC2E01080: libcurl info message cache 7 (connect to 52.1.48.131 port 443 failed: Timed out)
[2019.05.31-13.00.58:818][671]LogHttp: Warning: 0000021EC2E01080: libcurl info message cache 8 (  Trying 52.6.79.2...)
[2019.05.31-13.00.58:818][671]LogHttp: Warning: 0000021EC2E01080: libcurl info message cache 9 (TCP_NODELAY set)
[2019.05.31-13.00.58:818][671]LogHttp: Warning: 0000021EC2E01080: libcurl info message cache 10 (After 9742ms connect time, move on!)
[2019.05.31-13.00.58:818][671]LogHttp: Warning: 0000021EC2E01080: libcurl info message cache 11 (connect to 52.6.79.2 port 443 failed: Timed out)
[2019.05.31-13.00.58:818][671]LogHttp: Warning: 0000021EC2E01080: libcurl info message cache 12 (  Trying 52.21.4.215...)
[2019.05.31-13.00.58:818][671]LogHttp: Warning: 0000021EC2E01080: libcurl info message cache 13 (TCP_NODELAY set)
[2019.05.31-13.00.58:818][671]LogHttp: Warning: 0000021EC2E01080: libcurl info message cache 14 (After 4867ms connect time, move on!)
[2019.05.31-13.00.58:818][671]LogHttp: Warning: 0000021EC2E01080: libcurl info message cache 15 (connect to 52.21.4.215 port 443 failed: Timed out)
[2019.05.31-13.00.58:818][671]LogHttp: Warning: 0000021EC2E01080: libcurl info message cache 16 (  Trying 52.203.204.201...)
[2019.05.31-13.00.58:818][671]LogHttp: Warning: 0000021EC2E01080: libcurl info message cache 17 (TCP_NODELAY set)
[2019.05.31-13.00.58:818][671]LogHttp: Warning: 0000021EC2E01080: libcurl info message cache 18 (After 2430ms connect time, move on!)
[2019.05.31-13.00.58:818][671]LogHttp: Warning: 0000021EC2E01080: libcurl info message cache 19 (connect to 52.203.204.201 port 443 failed: Timed out)
[2019.05.31-13.00.58:818][671]LogHttp: Warning: 0000021EC2E01080: libcurl info message cache 20 (  Trying 54.87.31.36...)
[2019.05.31-13.00.58:818][671]LogHttp: Warning: 0000021EC2E01080: libcurl info message cache 21 (TCP_NODELAY set)
[2019.05.31-13.00.58:818][671]LogHttp: Warning: 0000021EC2E01080: libcurl info message cache 22 (After 1211ms connect time, move on!)
[2019.05.31-13.00.58:818][671]LogHttp: Warning: 0000021EC2E01080: libcurl info message cache 23 (connect to 54.87.31.36 port 443 failed: Timed out)
[2019.05.31-13.00.58:818][671]LogHttp: Warning: 0000021EC2E01080: libcurl info message cache 24 (  Trying 54.88.250.173...)
[2019.05.31-13.00.58:818][671]LogHttp: Warning: 0000021EC2E01080: libcurl info message cache 25 (TCP_NODELAY set)
[2019.05.31-13.00.58:818][671]LogHttp: Warning: 0000021EC2E01080: libcurl info message cache 26 (After 602ms connect time, move on!)
[2019.05.31-13.00.58:818][671]LogHttp: Warning: 0000021EC2E01080: libcurl info message cache 27 (connect to 54.88.250.173 port 443 failed: Timed out)
[2019.05.31-13.00.58:818][671]LogHttp: Warning: 0000021EC2E01080: libcurl info message cache 28 (  Trying 54.164.85.241...)
[2019.05.31-13.00.58:818][671]LogHttp: Warning: 0000021EC2E01080: libcurl info message cache 29 (TCP_NODELAY set)
[2019.05.31-13.00.58:818][671]LogHttp: Warning: 0000021EC2E01080: libcurl info message cache 30 (After 297ms connect time, move on!)
[2019.05.31-13.00.58:818][671]LogHttp: Warning: 0000021EC2E01080: libcurl info message cache 31 (connect to 54.164.85.241 port 443 failed: Timed out)
[2019.05.31-13.00.58:818][671]LogHttp: Warning: 0000021EC2E01080: libcurl info message cache 32 (Failed to connect to datarouter.ol.epicgames.com port 443: Timed out)
[2019.05.31-13.00.58:818][671]LogHttp: Warning: 0000021EC2E01080: libcurl info message cache 33 (Closing connection 2)
[2019.05.31-13.00.58:824][671]LogUnrealEdMisc: Warning: Heartbeat event firing too frequently (0.000 sec). This should never happen. Something is wrong with the timer delegate!
[2019.05.31-13.00.59:096][672]LogHttp: Warning: Retry exhausted on https://datarouter.ol.epicgames.com/datarouter/api/v1/public/data?SessionID=%7B23C60A1A-4FBC-CAA5-5874-EA8DD0B82D9C%7D&AppID=UEEditor.Rocket.Release&AppVersion=4.22.1-6063286%2B%2B%2BUE4%2BRelease-4.22&UserID=59a4c296403d385e74d21abb86caf988%7Ca442e1c27f12418491cfad545b8fd0d5%7C9c893d2a-f566-41ff-baee-8913781999c3&AppEnvironment=datacollector-binary&UploadType=eteventstream
[2019.05.31-13.01.07:243][862]LogEditorViewport: Clicking on Actor (LMB): BP_Sky_Sphere_C (Sky Sphere)
[2019.05.31-13.01.08:108][873]LogSlate: FSceneViewport::OnFocusLost() reason 0
[2019.05.31-13.01.09:317][881]LogUObjectHash: Compacting FUObjectHashTables data took   2.02ms
[2019.05.31-13.01.09:317][881]LogFileHelpers: Editor autosave (incl. sublevels) for '/Temp/Untitled_1' took 0.030
[2019.05.31-13.01.09:318][881]OBJ SavePackage: Generating thumbnails for [1] asset(s) in package [/Game/Bomb] ([1] browsable assets)...
[2019.05.31-13.01.09:358][881]OBJ SavePackage:     Rendered thumbnail for [Blueprint /Game/Bomb.Bomb]
[2019.05.31-13.01.09:358][881]OBJ SavePackage: Finished generating thumbnails for package [/Game/Bomb]
[2019.05.31-13.01.09:358][881]Cmd: OBJ SAVEPACKAGE PACKAGE="/Game/Bomb" FILE="../../../../../Game-ReSoul/Disign/Ui/Interface/Saved/Autosaves/Game/Bomb_Auto1.uasset" SILENT=false AUTOSAVING=true
[2019.05.31-13.01.09:404][881]LogSavePackage: Moving '../../../../../Game-ReSoul/Disign/Ui/Interface/Saved/Bomb_Auto1450A15B84884C234344FEFA320828AAE.tmp' to '../../../../../Game-ReSoul/Disign/Ui/Interface/Saved/Autosaves/Game/Bomb_Auto1.uasset'
[2019.05.31-13.01.09:405][881]OBJ SavePackage: Generating thumbnails for [1] asset(s) in package [/Engine/BasicShapes/BasicShapeMaterial] ([1] browsable assets)...
[2019.05.31-13.01.09:444][881]OBJ SavePackage:     Rendered thumbnail for [Material /Engine/BasicShapes/BasicShapeMaterial.BasicShapeMaterial]
[2019.05.31-13.01.09:444][881]OBJ SavePackage: Finished generating thumbnails for package [/Engine/BasicShapes/BasicShapeMaterial]
[2019.05.31-13.01.09:461][881]LogSavePackage: Moving '../../../../../Game-ReSoul/Disign/Ui/Interface/Saved/BasicShapeMaterial_Auto1AC537276474C256AC865109C2A665D5D.tmp' to '../../../../../Game-ReSoul/Disign/Ui/Interface/Saved/Autosaves/Engine/BasicShapes/BasicShapeMaterial_Auto1.uasset'
[2019.05.31-13.01.09:461][881]OBJ SavePackage: Generating thumbnails for [1] asset(s) in package [/Engine/BasicShapes/BasicShapeMaterial1] ([1] browsable assets)...
[2019.05.31-13.01.09:502][881]OBJ SavePackage:     Rendered thumbnail for [Material /Engine/BasicShapes/BasicShapeMaterial1.BasicShapeMaterial1]
[2019.05.31-13.01.09:502][881]OBJ SavePackage: Finished generating thumbnails for package [/Engine/BasicShapes/BasicShapeMaterial1]
[2019.05.31-13.01.09:516][881]LogSavePackage: Moving '../../../../../Game-ReSoul/Disign/Ui/Interface/Saved/BasicShapeMaterial1_Auto1F2E51D7F42420A65E2ED6FAD85CD29CE.tmp' to '../../../../../Game-ReSoul/Disign/Ui/Interface/Saved/Autosaves/Engine/BasicShapes/BasicShapeMaterial1_Auto1.uasset'
[2019.05.31-13.01.09:516][881]LogFileHelpers: Auto-saving content packages took 0.199
[2019.05.31-13.01.14:149][948]LogSlate: FSceneViewport::OnFocusLost() reason 0
[2019.05.31-13.01.14:242][950]BlueprintLog: New page: Compile Bomb
[2019.05.31-13.01.14:392][950]LogUObjectHash: Compacting FUObjectHashTables data took   2.16ms
[2019.05.31-13.01.15:200][956]Cmd: OBJ SAVEPACKAGE PACKAGE="/Game/Bomb" FILE="../../../../../Game-ReSoul/Disign/Ui/Interface/Content/Bomb.uasset" SILENT=true
[2019.05.31-13.01.15:217][956]LogSavePackage: Moving '../../../../../Game-ReSoul/Disign/Ui/Interface/Saved/Bomb567A1DED4611B4C02AA0608831E9E3C4.tmp' to '../../../../../Game-ReSoul/Disign/Ui/Interface/Content/Bomb.uasset'
[2019.05.31-13.01.16:845][974]LogSlate: Window 'Bomb' being destroyed
[2019.05.31-13.01.16:951][974]LogSlate: Window 'Bomb' being destroyed
[2019.05.31-13.01.37:364][ 54]LogUnrealEdMisc: Warning: Heartbeat event firing too frequently (38.540 sec). This should never happen. Something is wrong with the timer delegate!
